error 13:39:58.473038 rpcxserver.go:47: client: etcd cluster is unavailable or misconfigured; error #0: dial tcp [::1]:2479: getsockopt: connection refused
info  13:39:58.473592 sql.go:24: [连接Sql 127.0.0.1:3306 doudizhu_game]
info  13:39:58.486409 sql.go:24: [连接Sql 127.0.0.1:3306 doudizhu_nmmember]
info  13:39:58.488322 redis.go:24: [连接Redis localhost:11100]
info  13:39:58.493296 redis.go:24: [连接Redis localhost:11400]
info  13:39:58.495323 engine.go:16: [启动引擎]
error 13:39:58.499450 logger.go:173:  removeUserMatchInfo dial tcp [::1]:11350: getsockopt: connection refused
error 13:39:58.501745 logger.go:173:  removeRoomMatchInfo dial tcp [::1]:11350: getsockopt: connection refused
error 13:39:58.504568 logger.go:173:  syncGameInfo dial tcp [::1]:11350: getsockopt: connection refused
debug 13:39:58.510541 user_hd_hint.go:143: ---------牌类型:火箭
debug 13:39:58.510593 user_hd_hint.go:143: ---------牌类型:炸弹
debug 13:39:58.510635 user_hd_hint.go:143: ---------牌类型:单
debug 13:39:58.510665 user_hd_hint.go:143: ---------牌类型:对
debug 13:39:58.510693 user_hd_hint.go:143: ---------牌类型:三
debug 13:39:58.510720 user_hd_hint.go:143: ---------牌类型:三带一
debug 13:39:58.510751 user_hd_hint.go:143: ---------牌类型:三带二
debug 13:39:58.510785 user_hd_hint.go:143: ---------牌类型:顺子
debug 13:39:58.510820 user_hd_hint.go:143: ---------牌类型:连对
debug 13:39:58.510868 user_hd_hint.go:143: ---------牌类型:飞机
debug 13:39:58.510921 user_hd_hint.go:143: ---------牌类型:四带二
error 13:39:58.528032 match.go:134: syncPCount : dial tcp [::1]:11350: getsockopt: connection refused
error 13:39:59.514033 logger.go:173:  syncGameInfo dial tcp [::1]:11350: getsockopt: connection refused
error 13:40:00.522376 logger.go:173:  syncGameInfo dial tcp [::1]:11350: getsockopt: connection refused
error 13:40:01.531074 logger.go:173:  syncGameInfo dial tcp [::1]:11350: getsockopt: connection refused
