info  22:09:44.123443 sql.go:24: [连接Sql 127.0.0.1:3306 doudizhu_game]
info  22:09:44.138832 sql.go:24: [连接Sql 127.0.0.1:3306 doudizhu_nmmember]
info  22:09:44.139543 redis.go:24: [连接Redis localhost:11100]
info  22:09:44.141249 redis.go:24: [连接Redis localhost:11400]
info  22:09:44.142666 engine.go:16: [启动引擎]
debug 22:09:44.146404 user_hd_hint.go:143: ---------牌类型:火箭
debug 22:09:44.146476 user_hd_hint.go:143: ---------牌类型:炸弹
debug 22:09:44.146530 user_hd_hint.go:143: ---------牌类型:单
debug 22:09:44.146586 user_hd_hint.go:143: ---------牌类型:对
debug 22:09:44.146677 user_hd_hint.go:143: ---------牌类型:三
debug 22:09:44.146755 user_hd_hint.go:143: ---------牌类型:三带一
debug 22:09:44.146802 user_hd_hint.go:143: ---------牌类型:三带二
debug 22:09:44.146852 user_hd_hint.go:143: ---------牌类型:顺子
debug 22:09:44.146898 user_hd_hint.go:143: ---------牌类型:连对
debug 22:09:44.146954 user_hd_hint.go:143: ---------牌类型:飞机
debug 22:09:44.147036 user_hd_hint.go:143: ---------牌类型:四带二
debug 22:10:32.186251 rpcs.go:31: 收到请求:Connect[67 h1 18_8b_CsYYbFQNdVKmd36JyqFEPuLm73Z2JukYdvMyWVDGfnhxwj6nbtN9Qpp0eIqzT25twoUIT1FDHJDUlurmcq8UxVnzvDeD3LZz4RE1_G4kI7vzAV7JVlZ_CLWTnxTvK5PgnYcmWYmNFx7LeZUGeAAAPKW  a1b741695124f50523b8d5acf0863686 1]
debug 22:10:32.201498 rpcs.go:38:    回发结果:200,<nil>
debug 22:10:32.309394 rpcs.go:31: 收到请求:Matching[67 0 0 0 -1]
debug 22:10:32.313172 rpcs.go:40:    回发结果:200,1
debug 22:10:32.315209 rpcs.go:31: 收到请求:EnterRoom[67 0 0 -1]
debug 22:10:32.317975 user.go:965: 推送数据:67&Matching_Push&67$0$0$15$0||##1
debug 22:10:32.318077 rpcs.go:40:    回发结果:200,1549980632316
debug 22:10:32.518334 rpcs.go:31: 收到请求:Setout[67]
debug 22:10:32.520647 user.go:965: 推送数据:67&Matching_Push&67$1$0$15$0||##1
debug 22:10:32.520794 rpcs.go:40:    回发结果:200,1
debug 22:10:35.735340 rpcs.go:31: 收到请求:ClientConnClose[67]
debug 22:10:35.735403 rpcs.go:40:    回发结果:200,-c
debug 22:10:35.798928 rpcs.go:31: 收到请求:Connect[67 h1 18_8b_CsYYbFQNdVKmd36JyqFEPuLm73Z2JukYdvMyWVDGfnhxwj6nbtN9Qpp0eIqzT25twoUIT1FDHJDUlurmcq8UxVnzvDeD3LZz4RE1_G4kI7vzAV7JVlZ_CLWTnxTvK5PgnYcmWYmNFx7LeZUGeAAAPKW  a1b741695124f50523b8d5acf0863686 1]
debug 22:10:35.814173 rpcs.go:38:    回发结果:200,<nil>
debug 22:10:35.918530 rpcs.go:31: 收到请求:Matching[67 0 0 0 -1]
debug 22:10:35.919800 rpcs.go:40:    回发结果:200,1
debug 22:10:35.921554 rpcs.go:31: 收到请求:EnterRoom[67 0 0 -1]
debug 22:10:35.924637 user.go:965: 推送数据:67&Matching_Push&67$0$0$15$0||##1
debug 22:10:35.924742 rpcs.go:40:    回发结果:200,1549980635922
debug 22:10:36.128930 rpcs.go:31: 收到请求:Setout[67]
debug 22:10:36.130910 user.go:965: 推送数据:67&Matching_Push&67$1$0$15$0||##1
debug 22:10:36.131006 rpcs.go:40:    回发结果:200,1
debug 22:10:39.511445 rpcs.go:31: 收到请求:ClientConnClose[67]
debug 22:10:39.511518 rpcs.go:40:    回发结果:200,-c
debug 22:10:39.593244 rpcs.go:31: 收到请求:Connect[67 h1 18_8b_CsYYbFQNdVKmd36JyqFEPuLm73Z2JukYdvMyWVDGfnhxwj6nbtN9Qpp0eIqzT25twoUIT1FDHJDUlurmcq8UxVnzvDeD3LZz4RE1_G4kI7vzAV7JVlZ_CLWTnxTvK5PgnYcmWYmNFx7LeZUGeAAAPKW  a1b741695124f50523b8d5acf0863686 1]
debug 22:10:39.617059 rpcs.go:38:    回发结果:200,<nil>
debug 22:10:39.729825 rpcs.go:31: 收到请求:Matching[67 0 0 0 -1]
debug 22:10:39.731137 rpcs.go:40:    回发结果:200,1
debug 22:10:39.732920 rpcs.go:31: 收到请求:EnterRoom[67 0 0 -1]
debug 22:10:39.735939 user.go:965: 推送数据:67&Matching_Push&67$0$0$15$0||##1
debug 22:10:39.736025 rpcs.go:40:    回发结果:200,1549980639734
debug 22:10:39.936518 rpcs.go:31: 收到请求:Setout[67]
debug 22:10:39.938746 user.go:965: 推送数据:67&Matching_Push&67$1$0$15$0||##1
debug 22:10:39.938840 rpcs.go:40:    回发结果:200,1
debug 22:10:43.215527 rpcs.go:31: 收到请求:ClientConnClose[67]
debug 22:10:43.215598 rpcs.go:40:    回发结果:200,-c
debug 22:10:43.300964 rpcs.go:31: 收到请求:Connect[67 h1 18_8b_CsYYbFQNdVKmd36JyqFEPuLm73Z2JukYdvMyWVDGfnhxwj6nbtN9Qpp0eIqzT25twoUIT1FDHJDUlurmcq8UxVnzvDeD3LZz4RE1_G4kI7vzAV7JVlZ_CLWTnxTvK5PgnYcmWYmNFx7LeZUGeAAAPKW  a1b741695124f50523b8d5acf0863686 1]
debug 22:10:43.316668 rpcs.go:38:    回发结果:200,<nil>
debug 22:10:43.422403 rpcs.go:31: 收到请求:Matching[67 0 0 0 -1]
debug 22:10:43.426232 rpcs.go:40:    回发结果:200,1
debug 22:10:43.427932 rpcs.go:31: 收到请求:EnterRoom[67 0 0 -1]
debug 22:10:43.430779 user.go:965: 推送数据:67&Matching_Push&67$0$0$15$0||##1
debug 22:10:43.430885 rpcs.go:40:    回发结果:200,1549980643429
debug 22:10:43.632688 rpcs.go:31: 收到请求:Setout[67]
debug 22:10:43.635110 user.go:965: 推送数据:67&Matching_Push&67$1$0$15$0||##1
debug 22:10:43.635252 rpcs.go:40:    回发结果:200,1
debug 22:10:47.447022 rpcs.go:31: 收到请求:ClientConnClose[67]
debug 22:10:47.447080 rpcs.go:40:    回发结果:200,-c
debug 22:10:47.527522 rpcs.go:31: 收到请求:Connect[67 h1 18_8b_CsYYbFQNdVKmd36JyqFEPuLm73Z2JukYdvMyWVDGfnhxwj6nbtN9Qpp0eIqzT25twoUIT1FDHJDUlurmcq8UxVnzvDeD3LZz4RE1_G4kI7vzAV7JVlZ_CLWTnxTvK5PgnYcmWYmNFx7LeZUGeAAAPKW  a1b741695124f50523b8d5acf0863686 1]
debug 22:10:47.544002 rpcs.go:38:    回发结果:200,<nil>
debug 22:10:47.650488 rpcs.go:31: 收到请求:Matching[67 0 0 0 -1]
debug 22:10:47.652341 rpcs.go:40:    回发结果:200,1
debug 22:10:47.654230 rpcs.go:31: 收到请求:EnterRoom[67 0 0 -1]
debug 22:10:47.657921 user.go:965: 推送数据:67&Matching_Push&67$0$0$15$0||##1
debug 22:10:47.658001 rpcs.go:40:    回发结果:200,1549980647656
debug 22:10:47.860661 rpcs.go:31: 收到请求:Setout[67]
debug 22:10:47.863167 user.go:965: 推送数据:67&Matching_Push&67$1$0$15$0||##1
debug 22:10:47.863274 rpcs.go:40:    回发结果:200,1
debug 22:10:53.239001 rpcs.go:31: 收到请求:ClientConnClose[67]
debug 22:10:53.239067 rpcs.go:40:    回发结果:200,-c
debug 22:10:53.314032 rpcs.go:31: 收到请求:Connect[67 h1 18_8b_CsYYbFQNdVKmd36JyqFEPuLm73Z2JukYdvMyWVDGfnhxwj6nbtN9Qpp0eIqzT25twoUIT1FDHJDUlurmcq8UxVnzvDeD3LZz4RE1_G4kI7vzAV7JVlZ_CLWTnxTvK5PgnYcmWYmNFx7LeZUGeAAAPKW  a1b741695124f50523b8d5acf0863686 1]
debug 22:10:53.335240 rpcs.go:38:    回发结果:200,<nil>
debug 22:10:53.443673 rpcs.go:31: 收到请求:Matching[67 0 0 0 -1]
debug 22:10:53.447959 rpcs.go:40:    回发结果:200,1
debug 22:10:53.449477 rpcs.go:31: 收到请求:EnterRoom[67 0 0 -1]
debug 22:10:53.452249 user.go:965: 推送数据:67&Matching_Push&67$0$0$15$0||##1
debug 22:10:53.452314 rpcs.go:40:    回发结果:200,1549980653450
debug 22:10:53.656408 rpcs.go:31: 收到请求:Setout[67]
debug 22:10:53.658849 user.go:965: 推送数据:67&Matching_Push&67$1$0$15$0||##1
debug 22:10:53.658991 rpcs.go:40:    回发结果:200,1
debug 22:10:58.646468 rpcs.go:31: 收到请求:ClientConnClose[67]
debug 22:10:58.646554 rpcs.go:40:    回发结果:200,-c
debug 22:10:58.717448 rpcs.go:31: 收到请求:Connect[67 h1 18_8b_CsYYbFQNdVKmd36JyqFEPuLm73Z2JukYdvMyWVDGfnhxwj6nbtN9Qpp0eIqzT25twoUIT1FDHJDUlurmcq8UxVnzvDeD3LZz4RE1_G4kI7vzAV7JVlZ_CLWTnxTvK5PgnYcmWYmNFx7LeZUGeAAAPKW  a1b741695124f50523b8d5acf0863686 1]
debug 22:10:58.733620 rpcs.go:38:    回发结果:200,<nil>
debug 22:10:58.840050 rpcs.go:31: 收到请求:Matching[67 0 0 0 -1]
debug 22:10:58.841068 rpcs.go:40:    回发结果:200,1
debug 22:10:58.842468 rpcs.go:31: 收到请求:EnterRoom[67 0 0 -1]
debug 22:10:58.844752 user.go:965: 推送数据:67&Matching_Push&67$0$0$15$0||##1
debug 22:10:58.844812 rpcs.go:40:    回发结果:200,1549980658843
debug 22:10:59.046963 rpcs.go:31: 收到请求:Setout[67]
debug 22:10:59.049515 user.go:965: 推送数据:67&Matching_Push&67$1$0$15$0||##1
debug 22:10:59.049618 rpcs.go:40:    回发结果:200,1
debug 22:11:03.239558 rpcs.go:31: 收到请求:ClientConnClose[67]
debug 22:11:03.239632 rpcs.go:40:    回发结果:200,-c
debug 22:11:03.324304 rpcs.go:31: 收到请求:Connect[67 h1 18_8b_CsYYbFQNdVKmd36JyqFEPuLm73Z2JukYdvMyWVDGfnhxwj6nbtN9Qpp0eIqzT25twoUIT1FDHJDUlurmcq8UxVnzvDeD3LZz4RE1_G4kI7vzAV7JVlZ_CLWTnxTvK5PgnYcmWYmNFx7LeZUGeAAAPKW  a1b741695124f50523b8d5acf0863686 1]
debug 22:11:03.339696 rpcs.go:38:    回发结果:200,<nil>
debug 22:11:03.444439 rpcs.go:31: 收到请求:Matching[67 0 0 0 -1]
debug 22:11:03.446005 rpcs.go:40:    回发结果:200,1
debug 22:11:03.448065 rpcs.go:31: 收到请求:EnterRoom[67 0 0 -1]
debug 22:11:03.453071 user.go:965: 推送数据:67&Matching_Push&67$0$0$15$0||##1
debug 22:11:03.453168 rpcs.go:40:    回发结果:200,1549980663451
debug 22:11:03.653575 rpcs.go:31: 收到请求:Setout[67]
debug 22:11:03.656060 user.go:965: 推送数据:67&Matching_Push&67$1$0$15$0||##1
debug 22:11:03.656202 rpcs.go:40:    回发结果:200,1
debug 22:11:06.789043 rpcs.go:31: 收到请求:ClientConnClose[67]
debug 22:11:06.789101 rpcs.go:40:    回发结果:200,-c
debug 22:11:06.866807 rpcs.go:31: 收到请求:Connect[67 h1 18_8b_CsYYbFQNdVKmd36JyqFEPuLm73Z2JukYdvMyWVDGfnhxwj6nbtN9Qpp0eIqzT25twoUIT1FDHJDUlurmcq8UxVnzvDeD3LZz4RE1_G4kI7vzAV7JVlZ_CLWTnxTvK5PgnYcmWYmNFx7LeZUGeAAAPKW  a1b741695124f50523b8d5acf0863686 1]
debug 22:11:06.884207 rpcs.go:38:    回发结果:200,<nil>
debug 22:11:06.989598 rpcs.go:31: 收到请求:Matching[67 0 0 0 -1]
debug 22:11:06.991143 rpcs.go:40:    回发结果:200,1
debug 22:11:06.993369 rpcs.go:31: 收到请求:EnterRoom[67 0 0 -1]
debug 22:11:06.996422 user.go:965: 推送数据:67&Matching_Push&67$0$0$15$0||##1
debug 22:11:06.996528 rpcs.go:40:    回发结果:200,1549980666994
debug 22:11:07.202524 rpcs.go:31: 收到请求:Setout[67]
debug 22:11:07.204509 user.go:965: 推送数据:67&Matching_Push&67$1$0$15$0||##1
debug 22:11:07.204629 rpcs.go:40:    回发结果:200,1
debug 22:11:07.862032 rpcs.go:31: 收到请求:ClientConnClose[67]
debug 22:11:07.862092 rpcs.go:40:    回发结果:200,-c
debug 22:11:07.941989 rpcs.go:31: 收到请求:Connect[67 h1 18_8b_CsYYbFQNdVKmd36JyqFEPuLm73Z2JukYdvMyWVDGfnhxwj6nbtN9Qpp0eIqzT25twoUIT1FDHJDUlurmcq8UxVnzvDeD3LZz4RE1_G4kI7vzAV7JVlZ_CLWTnxTvK5PgnYcmWYmNFx7LeZUGeAAAPKW  a1b741695124f50523b8d5acf0863686 1]
debug 22:11:07.958868 rpcs.go:38:    回发结果:200,<nil>
debug 22:11:08.066447 rpcs.go:31: 收到请求:Matching[67 0 0 0 -1]
debug 22:11:08.068252 rpcs.go:40:    回发结果:200,1
debug 22:11:08.070314 rpcs.go:31: 收到请求:EnterRoom[67 0 0 -1]
debug 22:11:08.073427 user.go:965: 推送数据:67&Matching_Push&67$0$0$15$0||##1
debug 22:11:08.073522 rpcs.go:40:    回发结果:200,1549980668071
debug 22:11:08.273564 rpcs.go:31: 收到请求:Setout[67]
debug 22:11:08.276009 user.go:965: 推送数据:67&Matching_Push&67$1$0$15$0||##1
debug 22:11:08.276107 rpcs.go:40:    回发结果:200,1
debug 22:11:08.966242 rpcs.go:31: 收到请求:ClientConnClose[67]
debug 22:11:08.966327 rpcs.go:40:    回发结果:200,-c
debug 22:11:09.032606 rpcs.go:31: 收到请求:Connect[67 h1 18_8b_CsYYbFQNdVKmd36JyqFEPuLm73Z2JukYdvMyWVDGfnhxwj6nbtN9Qpp0eIqzT25twoUIT1FDHJDUlurmcq8UxVnzvDeD3LZz4RE1_G4kI7vzAV7JVlZ_CLWTnxTvK5PgnYcmWYmNFx7LeZUGeAAAPKW  a1b741695124f50523b8d5acf0863686 1]
debug 22:11:09.049534 rpcs.go:38:    回发结果:200,<nil>
debug 22:11:09.158104 rpcs.go:31: 收到请求:Matching[67 0 0 0 -1]
debug 22:11:09.159017 rpcs.go:40:    回发结果:200,1
debug 22:11:09.160274 rpcs.go:31: 收到请求:EnterRoom[67 0 0 -1]
debug 22:11:09.162701 user.go:965: 推送数据:67&Matching_Push&67$0$0$15$0||##1
debug 22:11:09.162763 rpcs.go:40:    回发结果:200,1549980669161
debug 22:11:09.362364 rpcs.go:31: 收到请求:Setout[67]
debug 22:11:09.364643 user.go:965: 推送数据:67&Matching_Push&67$1$0$15$0||##1
debug 22:11:09.364753 rpcs.go:40:    回发结果:200,1
debug 22:11:10.045431 rpcs.go:31: 收到请求:ClientConnClose[67]
debug 22:11:10.045509 rpcs.go:40:    回发结果:200,-c
debug 22:11:10.118667 rpcs.go:31: 收到请求:Connect[67 h1 18_8b_CsYYbFQNdVKmd36JyqFEPuLm73Z2JukYdvMyWVDGfnhxwj6nbtN9Qpp0eIqzT25twoUIT1FDHJDUlurmcq8UxVnzvDeD3LZz4RE1_G4kI7vzAV7JVlZ_CLWTnxTvK5PgnYcmWYmNFx7LeZUGeAAAPKW  a1b741695124f50523b8d5acf0863686 1]
debug 22:11:10.142645 rpcs.go:38:    回发结果:200,<nil>
debug 22:11:10.248413 rpcs.go:31: 收到请求:Matching[67 0 0 0 -1]
debug 22:11:10.249947 rpcs.go:40:    回发结果:200,1
debug 22:11:10.251919 rpcs.go:31: 收到请求:EnterRoom[67 0 0 -1]
debug 22:11:10.254990 user.go:965: 推送数据:67&Matching_Push&67$0$0$15$0||##1
debug 22:11:10.255077 rpcs.go:40:    回发结果:200,1549980670253
debug 22:11:10.456421 rpcs.go:31: 收到请求:Setout[67]
debug 22:11:10.459026 user.go:965: 推送数据:67&Matching_Push&67$1$0$15$0||##1
debug 22:11:10.459173 rpcs.go:40:    回发结果:200,1
debug 22:11:14.949068 rpcs.go:31: 收到请求:ClientConnClose[67]
debug 22:11:14.949148 rpcs.go:40:    回发结果:200,-c
debug 22:11:15.023834 rpcs.go:31: 收到请求:Connect[67 h1 18_8b_CsYYbFQNdVKmd36JyqFEPuLm73Z2JukYdvMyWVDGfnhxwj6nbtN9Qpp0eIqzT25twoUIT1FDHJDUlurmcq8UxVnzvDeD3LZz4RE1_G4kI7vzAV7JVlZ_CLWTnxTvK5PgnYcmWYmNFx7LeZUGeAAAPKW  a1b741695124f50523b8d5acf0863686 1]
debug 22:11:15.041458 rpcs.go:38:    回发结果:200,<nil>
debug 22:11:15.149362 rpcs.go:31: 收到请求:Matching[67 0 0 0 -1]
debug 22:11:15.152296 rpcs.go:40:    回发结果:200,1
debug 22:11:15.153596 rpcs.go:31: 收到请求:EnterRoom[67 0 0 -1]
debug 22:11:15.155969 user.go:965: 推送数据:67&Matching_Push&67$0$0$15$0||##1
debug 22:11:15.156032 rpcs.go:40:    回发结果:200,1549980675154
debug 22:11:15.357593 rpcs.go:31: 收到请求:Setout[67]
debug 22:11:15.359799 user.go:965: 推送数据:67&Matching_Push&67$1$0$15$0||##1
debug 22:11:15.359927 rpcs.go:40:    回发结果:200,1
debug 22:11:20.765925 rpcs.go:31: 收到请求:ClientConnClose[67]
debug 22:11:20.766000 rpcs.go:40:    回发结果:200,-c
debug 22:11:20.845068 rpcs.go:31: 收到请求:Connect[67 h1 18_8b_CsYYbFQNdVKmd36JyqFEPuLm73Z2JukYdvMyWVDGfnhxwj6nbtN9Qpp0eIqzT25twoUIT1FDHJDUlurmcq8UxVnzvDeD3LZz4RE1_G4kI7vzAV7JVlZ_CLWTnxTvK5PgnYcmWYmNFx7LeZUGeAAAPKW  a1b741695124f50523b8d5acf0863686 1]
debug 22:11:20.862088 rpcs.go:38:    回发结果:200,<nil>
debug 22:11:20.968787 rpcs.go:31: 收到请求:Matching[67 0 0 0 -1]
debug 22:11:20.970089 rpcs.go:40:    回发结果:200,1
debug 22:11:20.971780 rpcs.go:31: 收到请求:EnterRoom[67 0 0 -1]
debug 22:11:20.974830 user.go:965: 推送数据:67&Matching_Push&67$0$0$15$0||##1
debug 22:11:20.974910 rpcs.go:40:    回发结果:200,1549980680973
debug 22:11:21.178258 rpcs.go:31: 收到请求:Setout[67]
debug 22:11:21.180529 user.go:965: 推送数据:67&Matching_Push&67$1$0$15$0||##1
debug 22:11:21.180626 rpcs.go:40:    回发结果:200,1
debug 22:11:21.372010 rpcs.go:31: 收到请求:ClientConnClose[67]
debug 22:11:21.372062 rpcs.go:40:    回发结果:200,-c
debug 22:11:21.445984 rpcs.go:31: 收到请求:Connect[67 h1 18_8b_CsYYbFQNdVKmd36JyqFEPuLm73Z2JukYdvMyWVDGfnhxwj6nbtN9Qpp0eIqzT25twoUIT1FDHJDUlurmcq8UxVnzvDeD3LZz4RE1_G4kI7vzAV7JVlZ_CLWTnxTvK5PgnYcmWYmNFx7LeZUGeAAAPKW  a1b741695124f50523b8d5acf0863686 1]
debug 22:11:21.465338 rpcs.go:38:    回发结果:200,<nil>
debug 22:11:21.573770 rpcs.go:31: 收到请求:Matching[67 0 0 0 -1]
debug 22:11:21.575434 rpcs.go:40:    回发结果:200,1
debug 22:11:21.577625 rpcs.go:31: 收到请求:EnterRoom[67 0 0 -1]
debug 22:11:21.580882 user.go:965: 推送数据:67&Matching_Push&67$0$0$15$0||##1
debug 22:11:21.580958 rpcs.go:40:    回发结果:200,1549980681579
debug 22:11:21.779968 rpcs.go:31: 收到请求:Setout[67]
debug 22:11:21.782620 user.go:965: 推送数据:67&Matching_Push&67$1$0$15$0||##1
debug 22:11:21.782735 rpcs.go:40:    回发结果:200,1
debug 22:11:21.981209 rpcs.go:31: 收到请求:ClientConnClose[67]
debug 22:11:21.981264 rpcs.go:40:    回发结果:200,-c
debug 22:11:22.057402 rpcs.go:31: 收到请求:Connect[67 h1 18_8b_CsYYbFQNdVKmd36JyqFEPuLm73Z2JukYdvMyWVDGfnhxwj6nbtN9Qpp0eIqzT25twoUIT1FDHJDUlurmcq8UxVnzvDeD3LZz4RE1_G4kI7vzAV7JVlZ_CLWTnxTvK5PgnYcmWYmNFx7LeZUGeAAAPKW  a1b741695124f50523b8d5acf0863686 1]
debug 22:11:22.072989 rpcs.go:38:    回发结果:200,<nil>
debug 22:11:22.182221 rpcs.go:31: 收到请求:Matching[67 0 0 0 -1]
debug 22:11:22.183691 rpcs.go:40:    回发结果:200,1
debug 22:11:22.185299 rpcs.go:31: 收到请求:EnterRoom[67 0 0 -1]
debug 22:11:22.188514 user.go:965: 推送数据:67&Matching_Push&67$0$0$15$0||##1
debug 22:11:22.188603 rpcs.go:40:    回发结果:200,1549980682186
debug 22:11:22.390374 rpcs.go:31: 收到请求:Setout[67]
debug 22:11:22.392719 user.go:965: 推送数据:67&Matching_Push&67$1$0$15$0||##1
debug 22:11:22.392815 rpcs.go:40:    回发结果:200,1
debug 22:11:22.574318 rpcs.go:31: 收到请求:ClientConnClose[67]
debug 22:11:22.574372 rpcs.go:40:    回发结果:200,-c
debug 22:11:22.646306 rpcs.go:31: 收到请求:Connect[67 h1 18_8b_CsYYbFQNdVKmd36JyqFEPuLm73Z2JukYdvMyWVDGfnhxwj6nbtN9Qpp0eIqzT25twoUIT1FDHJDUlurmcq8UxVnzvDeD3LZz4RE1_G4kI7vzAV7JVlZ_CLWTnxTvK5PgnYcmWYmNFx7LeZUGeAAAPKW  a1b741695124f50523b8d5acf0863686 1]
debug 22:11:22.652428 rpcs.go:38:    回发结果:200,<nil>
debug 22:11:22.758576 rpcs.go:31: 收到请求:Matching[67 0 0 0 -1]
debug 22:11:22.760225 rpcs.go:40:    回发结果:200,1
debug 22:11:22.762346 rpcs.go:31: 收到请求:EnterRoom[67 0 0 -1]
debug 22:11:22.765369 user.go:965: 推送数据:67&Matching_Push&67$0$0$15$0||##1
debug 22:11:22.765492 rpcs.go:40:    回发结果:200,1549980682763
debug 22:11:22.966973 rpcs.go:31: 收到请求:Setout[67]
debug 22:11:22.969475 user.go:965: 推送数据:67&Matching_Push&67$1$0$15$0||##1
debug 22:11:22.969579 rpcs.go:40:    回发结果:200,1
debug 22:11:23.146556 rpcs.go:31: 收到请求:ClientConnClose[67]
debug 22:11:23.146625 rpcs.go:40:    回发结果:200,-c
debug 22:11:23.217599 rpcs.go:31: 收到请求:Connect[67 h1 18_8b_CsYYbFQNdVKmd36JyqFEPuLm73Z2JukYdvMyWVDGfnhxwj6nbtN9Qpp0eIqzT25twoUIT1FDHJDUlurmcq8UxVnzvDeD3LZz4RE1_G4kI7vzAV7JVlZ_CLWTnxTvK5PgnYcmWYmNFx7LeZUGeAAAPKW  a1b741695124f50523b8d5acf0863686 1]
debug 22:11:23.229768 rpcs.go:38:    回发结果:200,<nil>
debug 22:11:23.337257 rpcs.go:31: 收到请求:Matching[67 0 0 0 -1]
debug 22:11:23.338761 rpcs.go:40:    回发结果:200,1
debug 22:11:23.340994 rpcs.go:31: 收到请求:EnterRoom[67 0 0 -1]
debug 22:11:23.343859 user.go:965: 推送数据:67&Matching_Push&67$0$0$15$0||##1
debug 22:11:23.343940 rpcs.go:40:    回发结果:200,1549980683342
debug 22:11:23.546565 rpcs.go:31: 收到请求:Setout[67]
debug 22:11:23.548569 user.go:965: 推送数据:67&Matching_Push&67$1$0$15$0||##1
debug 22:11:23.548703 rpcs.go:40:    回发结果:200,1
debug 22:11:32.021791 rpcs.go:31: 收到请求:ClientConnClose[67]
debug 22:11:32.021851 rpcs.go:40:    回发结果:200,-c
debug 22:12:39.936335 rpcs.go:31: 收到请求:Connect[67 h1 18_8b_CsYYbFQNdVKmd36JyqFEPuLm73Z2JukYdvMyWVDGfnhxwj6nbtN9Qpp0eIqzT25twoUIT1FDHJDUlurmcq8UxVnzvDeD3LZz4RE1_G4kI7vzAV7JVlZ_CLWTnxTvK5PgnYcmWYmNFx7LeZUGeAAAPKW  a1b741695124f50523b8d5acf0863686 1]
debug 22:12:39.953461 rpcs.go:38:    回发结果:200,<nil>
debug 22:12:40.061206 rpcs.go:31: 收到请求:Matching[67 0 0 0 -1]
debug 22:12:40.064273 rpcs.go:40:    回发结果:200,1
debug 22:12:40.065809 rpcs.go:31: 收到请求:EnterRoom[67 0 0 -1]
debug 22:12:40.069048 user.go:965: 推送数据:67&Matching_Push&67$0$0$15$0||##1
debug 22:12:40.069148 rpcs.go:40:    回发结果:200,1549980760067
debug 22:12:40.271678 rpcs.go:31: 收到请求:Setout[67]
debug 22:12:40.273643 user.go:965: 推送数据:67&Matching_Push&67$1$0$15$0||##1
debug 22:12:40.273726 rpcs.go:40:    回发结果:200,1
debug 22:12:44.015274 rpcs.go:31: 收到请求:ClientConnClose[67]
debug 22:12:44.015358 rpcs.go:40:    回发结果:200,-c
debug 22:12:44.099652 rpcs.go:31: 收到请求:Connect[67 h1 18_8b_CsYYbFQNdVKmd36JyqFEPuLm73Z2JukYdvMyWVDGfnhxwj6nbtN9Qpp0eIqzT25twoUIT1FDHJDUlurmcq8UxVnzvDeD3LZz4RE1_G4kI7vzAV7JVlZ_CLWTnxTvK5PgnYcmWYmNFx7LeZUGeAAAPKW  a1b741695124f50523b8d5acf0863686 1]
debug 22:12:44.117414 rpcs.go:38:    回发结果:200,<nil>
debug 22:12:44.232571 rpcs.go:31: 收到请求:Matching[67 0 0 0 -1]
debug 22:12:44.233991 rpcs.go:40:    回发结果:200,1
debug 22:12:44.235738 rpcs.go:31: 收到请求:EnterRoom[67 0 0 -1]
debug 22:12:44.238682 user.go:965: 推送数据:67&Matching_Push&67$0$0$15$0||##1
debug 22:12:44.238804 rpcs.go:40:    回发结果:200,1549980764237
debug 22:12:44.439928 rpcs.go:31: 收到请求:Setout[67]
debug 22:12:44.442439 user.go:965: 推送数据:67&Matching_Push&67$1$0$15$0||##1
debug 22:12:44.442587 rpcs.go:40:    回发结果:200,1
debug 22:12:49.342601 rpcs.go:31: 收到请求:ClientConnClose[67]
debug 22:12:49.342674 rpcs.go:40:    回发结果:200,-c
debug 22:12:49.420784 rpcs.go:31: 收到请求:Connect[67 h1 18_8b_CsYYbFQNdVKmd36JyqFEPuLm73Z2JukYdvMyWVDGfnhxwj6nbtN9Qpp0eIqzT25twoUIT1FDHJDUlurmcq8UxVnzvDeD3LZz4RE1_G4kI7vzAV7JVlZ_CLWTnxTvK5PgnYcmWYmNFx7LeZUGeAAAPKW  a1b741695124f50523b8d5acf0863686 1]
debug 22:12:49.442539 rpcs.go:38:    回发结果:200,<nil>
debug 22:12:49.551199 rpcs.go:31: 收到请求:Matching[67 0 0 0 -1]
debug 22:12:49.552601 rpcs.go:40:    回发结果:200,1
debug 22:12:49.554469 rpcs.go:31: 收到请求:EnterRoom[67 0 0 -1]
debug 22:12:49.557555 user.go:965: 推送数据:67&Matching_Push&67$0$0$15$0||##1
debug 22:12:49.557655 rpcs.go:40:    回发结果:200,1549980769555
debug 22:12:49.757352 rpcs.go:31: 收到请求:Setout[67]
debug 22:12:49.759729 user.go:965: 推送数据:67&Matching_Push&67$1$0$15$0||##1
debug 22:12:49.759820 rpcs.go:40:    回发结果:200,1
debug 22:13:01.272017 rpcs.go:31: 收到请求:ClientConnClose[67]
debug 22:13:01.272104 rpcs.go:40:    回发结果:200,-c
debug 22:13:24.016222 rpcs.go:31: 收到请求:Connect[67 h1 18_8b_CsYYbFQNdVKmd36JyqFEPuLm73Z2JukYdvMyWVDGfnhxwj6nbtN9Qpp0eIqzT25twoUIT1FDHJDUlurmcq8UxVnzvDeD3LZz4RE1_G4kI7vzAV7JVlZ_CLWTnxTvK5PgnYcmWYmNFx7LeZUGeAAAPKW  a1b741695124f50523b8d5acf0863686 1]
debug 22:13:24.028276 rpcs.go:38:    回发结果:200,<nil>
debug 22:13:24.134476 rpcs.go:31: 收到请求:Matching[67 0 0 0 -1]
debug 22:13:24.136573 rpcs.go:40:    回发结果:200,1
debug 22:13:24.137988 rpcs.go:31: 收到请求:EnterRoom[67 0 0 -1]
debug 22:13:24.139964 user.go:965: 推送数据:67&Matching_Push&67$0$0$15$0||##1
debug 22:13:24.140016 rpcs.go:40:    回发结果:200,1549980804138
debug 22:13:24.342392 rpcs.go:31: 收到请求:Setout[67]
debug 22:13:24.344549 user.go:965: 推送数据:67&Matching_Push&67$1$0$15$0||##1
debug 22:13:24.344655 rpcs.go:40:    回发结果:200,1
debug 22:13:27.195924 rpcs.go:31: 收到请求:ClientConnClose[67]
debug 22:13:27.195984 rpcs.go:40:    回发结果:200,-c
debug 22:13:27.270957 rpcs.go:31: 收到请求:Connect[67 h1 18_8b_CsYYbFQNdVKmd36JyqFEPuLm73Z2JukYdvMyWVDGfnhxwj6nbtN9Qpp0eIqzT25twoUIT1FDHJDUlurmcq8UxVnzvDeD3LZz4RE1_G4kI7vzAV7JVlZ_CLWTnxTvK5PgnYcmWYmNFx7LeZUGeAAAPKW  a1b741695124f50523b8d5acf0863686 1]
debug 22:13:27.287393 rpcs.go:38:    回发结果:200,<nil>
debug 22:13:27.394016 rpcs.go:31: 收到请求:Matching[67 0 0 0 -1]
debug 22:13:27.395790 rpcs.go:40:    回发结果:200,1
debug 22:13:27.397796 rpcs.go:31: 收到请求:EnterRoom[67 0 0 -1]
debug 22:13:27.401567 user.go:965: 推送数据:67&Matching_Push&67$0$0$15$0||##1
debug 22:13:27.401677 rpcs.go:40:    回发结果:200,1549980807399
debug 22:13:27.601072 rpcs.go:31: 收到请求:Setout[67]
debug 22:13:27.603617 user.go:965: 推送数据:67&Matching_Push&67$1$0$15$0||##1
debug 22:13:27.603741 rpcs.go:40:    回发结果:200,1
debug 22:13:31.434989 rpcs.go:31: 收到请求:ClientConnClose[67]
debug 22:13:31.435052 rpcs.go:40:    回发结果:200,-c
debug 22:13:31.514030 rpcs.go:31: 收到请求:Connect[67 h1 18_8b_CsYYbFQNdVKmd36JyqFEPuLm73Z2JukYdvMyWVDGfnhxwj6nbtN9Qpp0eIqzT25twoUIT1FDHJDUlurmcq8UxVnzvDeD3LZz4RE1_G4kI7vzAV7JVlZ_CLWTnxTvK5PgnYcmWYmNFx7LeZUGeAAAPKW  a1b741695124f50523b8d5acf0863686 1]
debug 22:13:31.533737 rpcs.go:38:    回发结果:200,<nil>
debug 22:13:31.644048 rpcs.go:31: 收到请求:Matching[67 0 0 0 -1]
debug 22:13:31.645336 rpcs.go:40:    回发结果:200,1
debug 22:13:31.647031 rpcs.go:31: 收到请求:EnterRoom[67 0 0 -1]
debug 22:13:31.650614 user.go:965: 推送数据:67&Matching_Push&67$0$0$15$0||##1
debug 22:13:31.650715 rpcs.go:40:    回发结果:200,1549980811648
debug 22:13:31.848481 rpcs.go:31: 收到请求:Setout[67]
debug 22:13:31.850847 user.go:965: 推送数据:67&Matching_Push&67$1$0$15$0||##1
debug 22:13:31.850970 rpcs.go:40:    回发结果:200,1
debug 22:13:39.211110 rpcs.go:31: 收到请求:ClientConnClose[67]
debug 22:13:39.211178 rpcs.go:40:    回发结果:200,-c
debug 22:13:39.304089 rpcs.go:31: 收到请求:Connect[67 h1 18_8b_CsYYbFQNdVKmd36JyqFEPuLm73Z2JukYdvMyWVDGfnhxwj6nbtN9Qpp0eIqzT25twoUIT1FDHJDUlurmcq8UxVnzvDeD3LZz4RE1_G4kI7vzAV7JVlZ_CLWTnxTvK5PgnYcmWYmNFx7LeZUGeAAAPKW  a1b741695124f50523b8d5acf0863686 1]
debug 22:13:39.308873 rpcs.go:38:    回发结果:200,<nil>
debug 22:13:39.415247 rpcs.go:31: 收到请求:Matching[67 0 0 0 -1]
debug 22:13:39.419176 rpcs.go:40:    回发结果:200,1
debug 22:13:39.420791 rpcs.go:31: 收到请求:EnterRoom[67 0 0 -1]
debug 22:13:39.424075 user.go:965: 推送数据:67&Matching_Push&67$0$0$15$0||##1
debug 22:13:39.424148 rpcs.go:40:    回发结果:200,1549980819421
debug 22:13:39.626879 rpcs.go:31: 收到请求:Setout[67]
debug 22:13:39.629437 user.go:965: 推送数据:67&Matching_Push&67$1$0$15$0||##1
debug 22:13:39.629561 rpcs.go:40:    回发结果:200,1
debug 22:13:39.746840 rpcs.go:31: 收到请求:ClientConnClose[67]
debug 22:13:39.746909 rpcs.go:40:    回发结果:200,-c
debug 22:13:39.820550 rpcs.go:31: 收到请求:Connect[67 h1 18_8b_CsYYbFQNdVKmd36JyqFEPuLm73Z2JukYdvMyWVDGfnhxwj6nbtN9Qpp0eIqzT25twoUIT1FDHJDUlurmcq8UxVnzvDeD3LZz4RE1_G4kI7vzAV7JVlZ_CLWTnxTvK5PgnYcmWYmNFx7LeZUGeAAAPKW  a1b741695124f50523b8d5acf0863686 1]
debug 22:13:39.836085 rpcs.go:38:    回发结果:200,<nil>
debug 22:13:39.941181 rpcs.go:31: 收到请求:Matching[67 0 0 0 -1]
debug 22:13:39.942788 rpcs.go:40:    回发结果:200,1
debug 22:13:39.944882 rpcs.go:31: 收到请求:EnterRoom[67 0 0 -1]
debug 22:13:39.948101 user.go:965: 推送数据:67&Matching_Push&67$0$0$15$0||##1
debug 22:13:39.948383 rpcs.go:40:    回发结果:200,1549980819946
debug 22:13:40.150027 rpcs.go:31: 收到请求:Setout[67]
debug 22:13:40.152477 user.go:965: 推送数据:67&Matching_Push&67$1$0$15$0||##1
debug 22:13:40.152602 rpcs.go:40:    回发结果:200,1
debug 22:13:40.507042 rpcs.go:31: 收到请求:ClientConnClose[67]
debug 22:13:40.507120 rpcs.go:40:    回发结果:200,-c
debug 22:13:40.572363 rpcs.go:31: 收到请求:Connect[67 h1 18_8b_CsYYbFQNdVKmd36JyqFEPuLm73Z2JukYdvMyWVDGfnhxwj6nbtN9Qpp0eIqzT25twoUIT1FDHJDUlurmcq8UxVnzvDeD3LZz4RE1_G4kI7vzAV7JVlZ_CLWTnxTvK5PgnYcmWYmNFx7LeZUGeAAAPKW  a1b741695124f50523b8d5acf0863686 1]
debug 22:13:40.586567 rpcs.go:38:    回发结果:200,<nil>
debug 22:13:40.700412 rpcs.go:31: 收到请求:Matching[67 0 0 0 -1]
debug 22:13:40.702166 rpcs.go:40:    回发结果:200,1
debug 22:13:40.704119 rpcs.go:31: 收到请求:EnterRoom[67 0 0 -1]
debug 22:13:40.707711 user.go:965: 推送数据:67&Matching_Push&67$0$0$15$0||##1
debug 22:13:40.707787 rpcs.go:40:    回发结果:200,1549980820706
debug 22:13:40.906066 rpcs.go:31: 收到请求:Setout[67]
debug 22:13:40.908480 user.go:965: 推送数据:67&Matching_Push&67$1$0$15$0||##1
debug 22:13:40.908573 rpcs.go:40:    回发结果:200,1
debug 22:13:41.250649 rpcs.go:31: 收到请求:ClientConnClose[67]
debug 22:13:41.250715 rpcs.go:40:    回发结果:200,-c
debug 22:13:41.324920 rpcs.go:31: 收到请求:Connect[67 h1 18_8b_CsYYbFQNdVKmd36JyqFEPuLm73Z2JukYdvMyWVDGfnhxwj6nbtN9Qpp0eIqzT25twoUIT1FDHJDUlurmcq8UxVnzvDeD3LZz4RE1_G4kI7vzAV7JVlZ_CLWTnxTvK5PgnYcmWYmNFx7LeZUGeAAAPKW  a1b741695124f50523b8d5acf0863686 1]
debug 22:13:41.339404 rpcs.go:38:    回发结果:200,<nil>
debug 22:13:41.444350 rpcs.go:31: 收到请求:Matching[67 0 0 0 -1]
debug 22:13:41.445705 rpcs.go:40:    回发结果:200,1
debug 22:13:41.447306 rpcs.go:31: 收到请求:EnterRoom[67 0 0 -1]
debug 22:13:41.450165 user.go:965: 推送数据:67&Matching_Push&67$0$0$15$0||##1
debug 22:13:41.450254 rpcs.go:40:    回发结果:200,1549980821448
debug 22:13:41.653503 rpcs.go:31: 收到请求:Setout[67]
debug 22:13:41.655791 user.go:965: 推送数据:67&Matching_Push&67$1$0$15$0||##1
debug 22:13:41.655909 rpcs.go:40:    回发结果:200,1
debug 22:13:41.994905 rpcs.go:31: 收到请求:ClientConnClose[67]
debug 22:13:41.994983 rpcs.go:40:    回发结果:200,-c
debug 22:13:42.060336 rpcs.go:31: 收到请求:Connect[67 h1 18_8b_CsYYbFQNdVKmd36JyqFEPuLm73Z2JukYdvMyWVDGfnhxwj6nbtN9Qpp0eIqzT25twoUIT1FDHJDUlurmcq8UxVnzvDeD3LZz4RE1_G4kI7vzAV7JVlZ_CLWTnxTvK5PgnYcmWYmNFx7LeZUGeAAAPKW  a1b741695124f50523b8d5acf0863686 1]
debug 22:13:42.073543 rpcs.go:38:    回发结果:200,<nil>
debug 22:13:42.179383 rpcs.go:31: 收到请求:Matching[67 0 0 0 -1]
debug 22:13:42.180861 rpcs.go:40:    回发结果:200,1
debug 22:13:42.182572 rpcs.go:31: 收到请求:EnterRoom[67 0 0 -1]
debug 22:13:42.185823 user.go:965: 推送数据:67&Matching_Push&67$0$0$15$0||##1
debug 22:13:42.185909 rpcs.go:40:    回发结果:200,1549980822184
debug 22:13:42.385997 rpcs.go:31: 收到请求:Setout[67]
debug 22:13:42.388146 user.go:965: 推送数据:67&Matching_Push&67$1$0$15$0||##1
debug 22:13:42.388284 rpcs.go:40:    回发结果:200,1
debug 22:13:42.738570 rpcs.go:31: 收到请求:ClientConnClose[67]
debug 22:13:42.738639 rpcs.go:40:    回发结果:200,-c
debug 22:13:42.804698 rpcs.go:31: 收到请求:Connect[67 h1 18_8b_CsYYbFQNdVKmd36JyqFEPuLm73Z2JukYdvMyWVDGfnhxwj6nbtN9Qpp0eIqzT25twoUIT1FDHJDUlurmcq8UxVnzvDeD3LZz4RE1_G4kI7vzAV7JVlZ_CLWTnxTvK5PgnYcmWYmNFx7LeZUGeAAAPKW  a1b741695124f50523b8d5acf0863686 1]
debug 22:13:42.822503 rpcs.go:38:    回发结果:200,<nil>
debug 22:13:42.929793 rpcs.go:31: 收到请求:Matching[67 0 0 0 -1]
debug 22:13:42.931233 rpcs.go:40:    回发结果:200,1
debug 22:13:42.933134 rpcs.go:31: 收到请求:EnterRoom[67 0 0 -1]
debug 22:13:42.936084 user.go:965: 推送数据:67&Matching_Push&67$0$0$15$0||##1
debug 22:13:42.936176 rpcs.go:40:    回发结果:200,1549980822934
debug 22:13:43.138864 rpcs.go:31: 收到请求:Setout[67]
debug 22:13:43.140912 user.go:965: 推送数据:67&Matching_Push&67$1$0$15$0||##1
debug 22:13:43.140993 rpcs.go:40:    回发结果:200,1
debug 22:13:43.458838 rpcs.go:31: 收到请求:ClientConnClose[67]
debug 22:13:43.458924 rpcs.go:40:    回发结果:200,-c
debug 22:13:43.527513 rpcs.go:31: 收到请求:Connect[67 h1 18_8b_CsYYbFQNdVKmd36JyqFEPuLm73Z2JukYdvMyWVDGfnhxwj6nbtN9Qpp0eIqzT25twoUIT1FDHJDUlurmcq8UxVnzvDeD3LZz4RE1_G4kI7vzAV7JVlZ_CLWTnxTvK5PgnYcmWYmNFx7LeZUGeAAAPKW  a1b741695124f50523b8d5acf0863686 1]
debug 22:13:43.543743 rpcs.go:38:    回发结果:200,<nil>
debug 22:13:43.651193 rpcs.go:31: 收到请求:Matching[67 0 0 0 -1]
debug 22:13:43.652940 rpcs.go:40:    回发结果:200,1
debug 22:13:43.654548 rpcs.go:31: 收到请求:EnterRoom[67 0 0 -1]
debug 22:13:43.657648 user.go:965: 推送数据:67&Matching_Push&67$0$0$15$0||##1
debug 22:13:43.657722 rpcs.go:40:    回发结果:200,1549980823655
debug 22:13:43.858424 rpcs.go:31: 收到请求:Setout[67]
debug 22:13:43.860879 user.go:965: 推送数据:67&Matching_Push&67$1$0$15$0||##1
debug 22:13:43.860968 rpcs.go:40:    回发结果:200,1
debug 22:13:44.108799 rpcs.go:31: 收到请求:ClientConnClose[67]
debug 22:13:44.108882 rpcs.go:40:    回发结果:200,-c
debug 22:13:44.163167 rpcs.go:31: 收到请求:Connect[67 h1 18_8b_CsYYbFQNdVKmd36JyqFEPuLm73Z2JukYdvMyWVDGfnhxwj6nbtN9Qpp0eIqzT25twoUIT1FDHJDUlurmcq8UxVnzvDeD3LZz4RE1_G4kI7vzAV7JVlZ_CLWTnxTvK5PgnYcmWYmNFx7LeZUGeAAAPKW  a1b741695124f50523b8d5acf0863686 1]
debug 22:13:44.178004 rpcs.go:38:    回发结果:200,<nil>
debug 22:13:44.284656 rpcs.go:31: 收到请求:Matching[67 0 0 0 -1]
debug 22:13:44.286159 rpcs.go:40:    回发结果:200,1
debug 22:13:44.287910 rpcs.go:31: 收到请求:EnterRoom[67 0 0 -1]
debug 22:13:44.291045 user.go:965: 推送数据:67&Matching_Push&67$0$0$15$0||##1
debug 22:13:44.291139 rpcs.go:40:    回发结果:200,1549980824289
debug 22:13:44.490513 rpcs.go:31: 收到请求:Setout[67]
debug 22:13:44.493000 user.go:965: 推送数据:67&Matching_Push&67$1$0$15$0||##1
debug 22:13:44.493111 rpcs.go:40:    回发结果:200,1
debug 22:13:44.730453 rpcs.go:31: 收到请求:ClientConnClose[67]
debug 22:13:44.730517 rpcs.go:40:    回发结果:200,-c
debug 22:13:44.791607 rpcs.go:31: 收到请求:Connect[67 h1 18_8b_CsYYbFQNdVKmd36JyqFEPuLm73Z2JukYdvMyWVDGfnhxwj6nbtN9Qpp0eIqzT25twoUIT1FDHJDUlurmcq8UxVnzvDeD3LZz4RE1_G4kI7vzAV7JVlZ_CLWTnxTvK5PgnYcmWYmNFx7LeZUGeAAAPKW  a1b741695124f50523b8d5acf0863686 1]
debug 22:13:44.803051 rpcs.go:38:    回发结果:200,<nil>
debug 22:13:44.910784 rpcs.go:31: 收到请求:Matching[67 0 0 0 -1]
debug 22:13:44.912647 rpcs.go:40:    回发结果:200,1
debug 22:13:44.914846 rpcs.go:31: 收到请求:EnterRoom[67 0 0 -1]
debug 22:13:44.918110 user.go:965: 推送数据:67&Matching_Push&67$0$0$15$0||##1
debug 22:13:44.918194 rpcs.go:40:    回发结果:200,1549980824916
debug 22:13:45.117969 rpcs.go:31: 收到请求:Setout[67]
debug 22:13:45.119964 user.go:965: 推送数据:67&Matching_Push&67$1$0$15$0||##1
debug 22:13:45.120098 rpcs.go:40:    回发结果:200,1
debug 22:13:54.264707 rpcs.go:31: 收到请求:ClientConnClose[67]
debug 22:13:54.264774 rpcs.go:40:    回发结果:200,-c
debug 22:13:54.357455 rpcs.go:31: 收到请求:Connect[67 h1 18_8b_CsYYbFQNdVKmd36JyqFEPuLm73Z2JukYdvMyWVDGfnhxwj6nbtN9Qpp0eIqzT25twoUIT1FDHJDUlurmcq8UxVnzvDeD3LZz4RE1_G4kI7vzAV7JVlZ_CLWTnxTvK5PgnYcmWYmNFx7LeZUGeAAAPKW  a1b741695124f50523b8d5acf0863686 1]
debug 22:13:54.362973 rpcs.go:38:    回发结果:200,<nil>
debug 22:13:54.467404 rpcs.go:31: 收到请求:Matching[67 0 0 0 -1]
debug 22:13:54.471733 rpcs.go:40:    回发结果:200,1
debug 22:13:54.473363 rpcs.go:31: 收到请求:EnterRoom[67 0 0 -1]
debug 22:13:54.476146 user.go:965: 推送数据:67&Matching_Push&67$0$0$15$0||##1
debug 22:13:54.476240 rpcs.go:40:    回发结果:200,1549980834474
debug 22:13:54.679553 rpcs.go:31: 收到请求:Setout[67]
debug 22:13:54.681959 user.go:965: 推送数据:67&Matching_Push&67$1$0$15$0||##1
debug 22:13:54.682082 rpcs.go:40:    回发结果:200,1
debug 22:13:55.281128 rpcs.go:31: 收到请求:ClientConnClose[67]
debug 22:13:55.281215 rpcs.go:40:    回发结果:200,-c
debug 22:13:55.357757 rpcs.go:31: 收到请求:Connect[67 h1 18_8b_CsYYbFQNdVKmd36JyqFEPuLm73Z2JukYdvMyWVDGfnhxwj6nbtN9Qpp0eIqzT25twoUIT1FDHJDUlurmcq8UxVnzvDeD3LZz4RE1_G4kI7vzAV7JVlZ_CLWTnxTvK5PgnYcmWYmNFx7LeZUGeAAAPKW  a1b741695124f50523b8d5acf0863686 1]
debug 22:13:55.375515 rpcs.go:38:    回发结果:200,<nil>
debug 22:13:55.483594 rpcs.go:31: 收到请求:Matching[67 0 0 0 -1]
debug 22:13:55.485254 rpcs.go:40:    回发结果:200,1
debug 22:13:55.487346 rpcs.go:31: 收到请求:EnterRoom[67 0 0 -1]
debug 22:13:55.490536 user.go:965: 推送数据:67&Matching_Push&67$0$0$15$0||##1
debug 22:13:55.490629 rpcs.go:40:    回发结果:200,1549980835488
debug 22:13:55.691667 rpcs.go:31: 收到请求:Setout[67]
debug 22:13:55.693936 user.go:965: 推送数据:67&Matching_Push&67$1$0$15$0||##1
debug 22:13:55.694051 rpcs.go:40:    回发结果:200,1
debug 22:13:56.241890 rpcs.go:31: 收到请求:ClientConnClose[67]
debug 22:13:56.241969 rpcs.go:40:    回发结果:200,-c
debug 22:13:56.315225 rpcs.go:31: 收到请求:Connect[67 h1 18_8b_CsYYbFQNdVKmd36JyqFEPuLm73Z2JukYdvMyWVDGfnhxwj6nbtN9Qpp0eIqzT25twoUIT1FDHJDUlurmcq8UxVnzvDeD3LZz4RE1_G4kI7vzAV7JVlZ_CLWTnxTvK5PgnYcmWYmNFx7LeZUGeAAAPKW  a1b741695124f50523b8d5acf0863686 1]
debug 22:13:56.327513 rpcs.go:38:    回发结果:200,<nil>
debug 22:13:56.434320 rpcs.go:31: 收到请求:Matching[67 0 0 0 -1]
debug 22:13:56.435958 rpcs.go:40:    回发结果:200,1
debug 22:13:56.438037 rpcs.go:31: 收到请求:EnterRoom[67 0 0 -1]
debug 22:13:56.440970 user.go:965: 推送数据:67&Matching_Push&67$0$0$15$0||##1
debug 22:13:56.441050 rpcs.go:40:    回发结果:200,1549980836439
debug 22:13:56.642649 rpcs.go:31: 收到请求:Setout[67]
debug 22:13:56.644846 user.go:965: 推送数据:67&Matching_Push&67$1$0$15$0||##1
debug 22:13:56.644967 rpcs.go:40:    回发结果:200,1
debug 22:13:57.274345 rpcs.go:31: 收到请求:ClientConnClose[67]
debug 22:13:57.274411 rpcs.go:40:    回发结果:200,-c
debug 22:13:57.350543 rpcs.go:31: 收到请求:Connect[67 h1 18_8b_CsYYbFQNdVKmd36JyqFEPuLm73Z2JukYdvMyWVDGfnhxwj6nbtN9Qpp0eIqzT25twoUIT1FDHJDUlurmcq8UxVnzvDeD3LZz4RE1_G4kI7vzAV7JVlZ_CLWTnxTvK5PgnYcmWYmNFx7LeZUGeAAAPKW  a1b741695124f50523b8d5acf0863686 1]
debug 22:13:57.368848 rpcs.go:38:    回发结果:200,<nil>
debug 22:13:57.474979 rpcs.go:31: 收到请求:Matching[67 0 0 0 -1]
debug 22:13:57.476407 rpcs.go:40:    回发结果:200,1
debug 22:13:57.477921 rpcs.go:31: 收到请求:EnterRoom[67 0 0 -1]
debug 22:13:57.480865 user.go:965: 推送数据:67&Matching_Push&67$0$0$15$0||##1
debug 22:13:57.481005 rpcs.go:40:    回发结果:200,1549980837479
debug 22:13:57.687001 rpcs.go:31: 收到请求:Setout[67]
debug 22:13:57.689285 user.go:965: 推送数据:67&Matching_Push&67$1$0$15$0||##1
debug 22:13:57.689404 rpcs.go:40:    回发结果:200,1
debug 22:13:58.258214 rpcs.go:31: 收到请求:ClientConnClose[67]
debug 22:13:58.258275 rpcs.go:40:    回发结果:200,-c
debug 22:13:58.335473 rpcs.go:31: 收到请求:Connect[67 h1 18_8b_CsYYbFQNdVKmd36JyqFEPuLm73Z2JukYdvMyWVDGfnhxwj6nbtN9Qpp0eIqzT25twoUIT1FDHJDUlurmcq8UxVnzvDeD3LZz4RE1_G4kI7vzAV7JVlZ_CLWTnxTvK5PgnYcmWYmNFx7LeZUGeAAAPKW  a1b741695124f50523b8d5acf0863686 1]
debug 22:13:58.349006 rpcs.go:38:    回发结果:200,<nil>
debug 22:13:58.453186 rpcs.go:31: 收到请求:Matching[67 0 0 0 -1]
debug 22:13:58.454913 rpcs.go:40:    回发结果:200,1
debug 22:13:58.456950 rpcs.go:31: 收到请求:EnterRoom[67 0 0 -1]
debug 22:13:58.460135 user.go:965: 推送数据:67&Matching_Push&67$0$0$15$0||##1
debug 22:13:58.460210 rpcs.go:40:    回发结果:200,1549980838458
debug 22:13:58.662150 rpcs.go:31: 收到请求:Setout[67]
debug 22:13:58.664463 user.go:965: 推送数据:67&Matching_Push&67$1$0$15$0||##1
debug 22:13:58.664581 rpcs.go:40:    回发结果:200,1
debug 22:13:59.225464 rpcs.go:31: 收到请求:ClientConnClose[67]
debug 22:13:59.225540 rpcs.go:40:    回发结果:200,-c
debug 22:13:59.289212 rpcs.go:31: 收到请求:Connect[67 h1 18_8b_CsYYbFQNdVKmd36JyqFEPuLm73Z2JukYdvMyWVDGfnhxwj6nbtN9Qpp0eIqzT25twoUIT1FDHJDUlurmcq8UxVnzvDeD3LZz4RE1_G4kI7vzAV7JVlZ_CLWTnxTvK5PgnYcmWYmNFx7LeZUGeAAAPKW  a1b741695124f50523b8d5acf0863686 1]
debug 22:13:59.305367 rpcs.go:38:    回发结果:200,<nil>
debug 22:13:59.411854 rpcs.go:31: 收到请求:Matching[67 0 0 0 -1]
debug 22:13:59.413674 rpcs.go:40:    回发结果:200,1
debug 22:13:59.415752 rpcs.go:31: 收到请求:EnterRoom[67 0 0 -1]
debug 22:13:59.419104 user.go:965: 推送数据:67&Matching_Push&67$0$0$15$0||##1
debug 22:13:59.419243 rpcs.go:40:    回发结果:200,1549980839417
debug 22:13:59.621868 rpcs.go:31: 收到请求:Setout[67]
debug 22:13:59.624176 user.go:965: 推送数据:67&Matching_Push&67$1$0$15$0||##1
debug 22:13:59.624272 rpcs.go:40:    回发结果:200,1
debug 22:14:00.169574 rpcs.go:31: 收到请求:ClientConnClose[67]
debug 22:14:00.169648 rpcs.go:40:    回发结果:200,-c
debug 22:14:00.232278 rpcs.go:31: 收到请求:Connect[67 h1 18_8b_CsYYbFQNdVKmd36JyqFEPuLm73Z2JukYdvMyWVDGfnhxwj6nbtN9Qpp0eIqzT25twoUIT1FDHJDUlurmcq8UxVnzvDeD3LZz4RE1_G4kI7vzAV7JVlZ_CLWTnxTvK5PgnYcmWYmNFx7LeZUGeAAAPKW  a1b741695124f50523b8d5acf0863686 1]
debug 22:14:00.247003 rpcs.go:38:    回发结果:200,<nil>
debug 22:14:00.354855 rpcs.go:31: 收到请求:Matching[67 0 0 0 -1]
debug 22:14:00.356603 rpcs.go:40:    回发结果:200,1
debug 22:14:00.358714 rpcs.go:31: 收到请求:EnterRoom[67 0 0 -1]
debug 22:14:00.361585 user.go:965: 推送数据:67&Matching_Push&67$0$0$15$0||##1
debug 22:14:00.361666 rpcs.go:40:    回发结果:200,1549980840360
debug 22:14:00.562730 rpcs.go:31: 收到请求:Setout[67]
debug 22:14:00.564702 user.go:965: 推送数据:67&Matching_Push&67$1$0$15$0||##1
debug 22:14:00.564806 rpcs.go:40:    回发结果:200,1
debug 22:14:01.081879 rpcs.go:31: 收到请求:ClientConnClose[67]
debug 22:14:01.081946 rpcs.go:40:    回发结果:200,-c
debug 22:14:01.155771 rpcs.go:31: 收到请求:Connect[67 h1 18_8b_CsYYbFQNdVKmd36JyqFEPuLm73Z2JukYdvMyWVDGfnhxwj6nbtN9Qpp0eIqzT25twoUIT1FDHJDUlurmcq8UxVnzvDeD3LZz4RE1_G4kI7vzAV7JVlZ_CLWTnxTvK5PgnYcmWYmNFx7LeZUGeAAAPKW  a1b741695124f50523b8d5acf0863686 1]
debug 22:14:01.171968 rpcs.go:38:    回发结果:200,<nil>
debug 22:14:01.275338 rpcs.go:31: 收到请求:Matching[67 0 0 0 -1]
debug 22:14:01.277027 rpcs.go:40:    回发结果:200,1
debug 22:14:01.279087 rpcs.go:31: 收到请求:EnterRoom[67 0 0 -1]
debug 22:14:01.282346 user.go:965: 推送数据:67&Matching_Push&67$0$0$15$0||##1
debug 22:14:01.282430 rpcs.go:40:    回发结果:200,1549980841280
debug 22:14:01.483962 rpcs.go:31: 收到请求:Setout[67]
debug 22:14:01.486351 user.go:965: 推送数据:67&Matching_Push&67$1$0$15$0||##1
debug 22:14:01.486464 rpcs.go:40:    回发结果:200,1
debug 22:14:01.983874 rpcs.go:31: 收到请求:ClientConnClose[67]
debug 22:14:01.983938 rpcs.go:40:    回发结果:200,-c
debug 22:14:02.047385 rpcs.go:31: 收到请求:Connect[67 h1 18_8b_CsYYbFQNdVKmd36JyqFEPuLm73Z2JukYdvMyWVDGfnhxwj6nbtN9Qpp0eIqzT25twoUIT1FDHJDUlurmcq8UxVnzvDeD3LZz4RE1_G4kI7vzAV7JVlZ_CLWTnxTvK5PgnYcmWYmNFx7LeZUGeAAAPKW  a1b741695124f50523b8d5acf0863686 1]
debug 22:14:02.075708 rpcs.go:38:    回发结果:200,<nil>
debug 22:14:02.185753 rpcs.go:31: 收到请求:Matching[67 0 0 0 -1]
debug 22:14:02.187209 rpcs.go:40:    回发结果:200,1
debug 22:14:02.188812 rpcs.go:31: 收到请求:EnterRoom[67 0 0 -1]
debug 22:14:02.191940 user.go:965: 推送数据:67&Matching_Push&67$0$0$15$0||##1
debug 22:14:02.192012 rpcs.go:40:    回发结果:200,1549980842190
debug 22:14:02.395376 rpcs.go:31: 收到请求:Setout[67]
debug 22:14:02.397703 user.go:965: 推送数据:67&Matching_Push&67$1$0$15$0||##1
debug 22:14:02.397792 rpcs.go:40:    回发结果:200,1
debug 22:17:08.527054 rpcs.go:31: 收到请求:Connect[67 h1 18_IQYDhkn2l3rARyKfuUIGg0U2Mbos4fjarWFVd6iHqKPSxFgKfVHWMvgLg-B53sKO9C5FOFJseE852n6-xxckZm0UZ8KeVopxp_UOMpvzcc7vG5MvQ4MEtgyeZFny3zryHxeXky-bVqiTtG74SSKjABAZZR  a1b741695124f50523b8d5acf0863686 1]
debug 22:17:08.538213 rpcs.go:38:    回发结果:200,<nil>
debug 22:17:08.644590 rpcs.go:31: 收到请求:Matching[67 0 0 0 -1]
debug 22:17:08.647530 rpcs.go:40:    回发结果:200,1
debug 22:17:08.648661 rpcs.go:31: 收到请求:EnterRoom[67 0 0 -1]
debug 22:17:08.649657 rpcs.go:40:    回发结果:200,1549980842190
debug 22:17:08.853930 rpcs.go:31: 收到请求:Setout[67]
debug 22:17:08.854832 rpcs.go:40:    回发结果:200,1
debug 22:17:12.567855 rpcs.go:31: 收到请求:ClientConnClose[67]
debug 22:17:12.567931 rpcs.go:40:    回发结果:200,-c
debug 22:17:12.651954 rpcs.go:31: 收到请求:Connect[67 h1 18_IQYDhkn2l3rARyKfuUIGg0U2Mbos4fjarWFVd6iHqKPSxFgKfVHWMvgLg-B53sKO9C5FOFJseE852n6-xxckZm0UZ8KeVopxp_UOMpvzcc7vG5MvQ4MEtgyeZFny3zryHxeXky-bVqiTtG74SSKjABAZZR  a1b741695124f50523b8d5acf0863686 1]
debug 22:17:12.667686 rpcs.go:38:    回发结果:200,<nil>
debug 22:17:12.772384 rpcs.go:31: 收到请求:Matching[67 0 0 0 -1]
debug 22:17:12.773913 rpcs.go:40:    回发结果:200,1
debug 22:17:12.775781 rpcs.go:31: 收到请求:EnterRoom[67 0 0 -1]
debug 22:17:12.779487 user.go:965: 推送数据:67&Matching_Push&67$0$0$15$0||##1
debug 22:17:12.779600 rpcs.go:40:    回发结果:200,1549981032777
debug 22:17:12.979275 rpcs.go:31: 收到请求:Setout[67]
debug 22:17:12.981592 user.go:965: 推送数据:67&Matching_Push&67$1$0$15$0||##1
debug 22:17:12.981700 rpcs.go:40:    回发结果:200,1
debug 22:17:13.266837 rpcs.go:31: 收到请求:ClientConnClose[67]
debug 22:17:13.266954 rpcs.go:40:    回发结果:200,-c
debug 22:17:13.342151 rpcs.go:31: 收到请求:Connect[67 h1 18_IQYDhkn2l3rARyKfuUIGg0U2Mbos4fjarWFVd6iHqKPSxFgKfVHWMvgLg-B53sKO9C5FOFJseE852n6-xxckZm0UZ8KeVopxp_UOMpvzcc7vG5MvQ4MEtgyeZFny3zryHxeXky-bVqiTtG74SSKjABAZZR  a1b741695124f50523b8d5acf0863686 1]
debug 22:17:13.357958 rpcs.go:38:    回发结果:200,<nil>
debug 22:17:13.463061 rpcs.go:31: 收到请求:Matching[67 0 0 0 -1]
debug 22:17:13.464766 rpcs.go:40:    回发结果:200,1
debug 22:17:13.466789 rpcs.go:31: 收到请求:EnterRoom[67 0 0 -1]
debug 22:17:13.469748 user.go:965: 推送数据:67&Matching_Push&67$0$0$15$0||##1
debug 22:17:13.469822 rpcs.go:40:    回发结果:200,1549981033468
debug 22:17:13.675135 rpcs.go:31: 收到请求:Setout[67]
debug 22:17:13.677356 user.go:965: 推送数据:67&Matching_Push&67$1$0$15$0||##1
debug 22:17:13.677487 rpcs.go:40:    回发结果:200,1
debug 22:17:14.098675 rpcs.go:31: 收到请求:ClientConnClose[67]
debug 22:17:14.098755 rpcs.go:40:    回发结果:200,-c
debug 22:17:14.166637 rpcs.go:31: 收到请求:Connect[67 h1 18_IQYDhkn2l3rARyKfuUIGg0U2Mbos4fjarWFVd6iHqKPSxFgKfVHWMvgLg-B53sKO9C5FOFJseE852n6-xxckZm0UZ8KeVopxp_UOMpvzcc7vG5MvQ4MEtgyeZFny3zryHxeXky-bVqiTtG74SSKjABAZZR  a1b741695124f50523b8d5acf0863686 1]
debug 22:17:14.179812 rpcs.go:38:    回发结果:200,<nil>
debug 22:17:14.286433 rpcs.go:31: 收到请求:Matching[67 0 0 0 -1]
debug 22:17:14.288394 rpcs.go:40:    回发结果:200,1
debug 22:17:14.290325 rpcs.go:31: 收到请求:EnterRoom[67 0 0 -1]
debug 22:17:14.293563 user.go:965: 推送数据:67&Matching_Push&67$0$0$15$0||##1
debug 22:17:14.293645 rpcs.go:40:    回发结果:200,1549981034291
debug 22:17:14.494180 rpcs.go:31: 收到请求:Setout[67]
debug 22:17:14.496594 user.go:965: 推送数据:67&Matching_Push&67$1$0$15$0||##1
debug 22:17:14.496749 rpcs.go:40:    回发结果:200,1
debug 22:17:14.890543 rpcs.go:31: 收到请求:ClientConnClose[67]
debug 22:17:14.890599 rpcs.go:40:    回发结果:200,-c
debug 22:17:14.951041 rpcs.go:31: 收到请求:Connect[67 h1 18_IQYDhkn2l3rARyKfuUIGg0U2Mbos4fjarWFVd6iHqKPSxFgKfVHWMvgLg-B53sKO9C5FOFJseE852n6-xxckZm0UZ8KeVopxp_UOMpvzcc7vG5MvQ4MEtgyeZFny3zryHxeXky-bVqiTtG74SSKjABAZZR  a1b741695124f50523b8d5acf0863686 1]
debug 22:17:14.965680 rpcs.go:38:    回发结果:200,<nil>
debug 22:17:15.070240 rpcs.go:31: 收到请求:Matching[67 0 0 0 -1]
debug 22:17:15.071461 rpcs.go:40:    回发结果:200,1
debug 22:17:15.072935 rpcs.go:31: 收到请求:EnterRoom[67 0 0 -1]
debug 22:17:15.075616 user.go:965: 推送数据:67&Matching_Push&67$0$0$15$0||##1
debug 22:17:15.088807 rpcs.go:40:    回发结果:200,1549981035074
debug 22:17:15.275179 rpcs.go:31: 收到请求:Setout[67]
debug 22:17:15.277141 user.go:965: 推送数据:67&Matching_Push&67$1$0$15$0||##1
debug 22:17:15.277273 rpcs.go:40:    回发结果:200,1
debug 22:17:15.674559 rpcs.go:31: 收到请求:ClientConnClose[67]
debug 22:17:15.674624 rpcs.go:40:    回发结果:200,-c
debug 22:17:15.737551 rpcs.go:31: 收到请求:Connect[67 h1 18_IQYDhkn2l3rARyKfuUIGg0U2Mbos4fjarWFVd6iHqKPSxFgKfVHWMvgLg-B53sKO9C5FOFJseE852n6-xxckZm0UZ8KeVopxp_UOMpvzcc7vG5MvQ4MEtgyeZFny3zryHxeXky-bVqiTtG74SSKjABAZZR  a1b741695124f50523b8d5acf0863686 1]
debug 22:17:15.753180 rpcs.go:38:    回发结果:200,<nil>
debug 22:17:15.859489 rpcs.go:31: 收到请求:Matching[67 0 0 0 -1]
debug 22:17:15.861149 rpcs.go:40:    回发结果:200,1
debug 22:17:15.863133 rpcs.go:31: 收到请求:EnterRoom[67 0 0 -1]
debug 22:17:15.866192 user.go:965: 推送数据:67&Matching_Push&67$0$0$15$0||##1
debug 22:17:15.866283 rpcs.go:40:    回发结果:200,1549981035864
debug 22:17:16.065996 rpcs.go:31: 收到请求:Setout[67]
debug 22:17:16.068278 user.go:965: 推送数据:67&Matching_Push&67$1$0$15$0||##1
debug 22:17:16.068371 rpcs.go:40:    回发结果:200,1
debug 22:17:16.474490 rpcs.go:31: 收到请求:ClientConnClose[67]
debug 22:17:16.474546 rpcs.go:40:    回发结果:200,-c
debug 22:17:16.536140 rpcs.go:31: 收到请求:Connect[67 h1 18_IQYDhkn2l3rARyKfuUIGg0U2Mbos4fjarWFVd6iHqKPSxFgKfVHWMvgLg-B53sKO9C5FOFJseE852n6-xxckZm0UZ8KeVopxp_UOMpvzcc7vG5MvQ4MEtgyeZFny3zryHxeXky-bVqiTtG74SSKjABAZZR  a1b741695124f50523b8d5acf0863686 1]
debug 22:17:16.553058 rpcs.go:38:    回发结果:200,<nil>
debug 22:17:16.663000 rpcs.go:31: 收到请求:Matching[67 0 0 0 -1]
debug 22:17:16.664440 rpcs.go:40:    回发结果:200,1
debug 22:17:16.666052 rpcs.go:31: 收到请求:EnterRoom[67 0 0 -1]
debug 22:17:16.669072 user.go:965: 推送数据:67&Matching_Push&67$0$0$15$0||##1
debug 22:17:16.669209 rpcs.go:40:    回发结果:200,1549981036667
debug 22:17:16.869596 rpcs.go:31: 收到请求:Setout[67]
debug 22:17:16.871802 user.go:965: 推送数据:67&Matching_Push&67$1$0$15$0||##1
debug 22:17:16.871945 rpcs.go:40:    回发结果:200,1
debug 22:17:17.163748 rpcs.go:31: 收到请求:ClientConnClose[67]
debug 22:17:17.163803 rpcs.go:40:    回发结果:200,-c
debug 22:17:17.225208 rpcs.go:31: 收到请求:Connect[67 h1 18_IQYDhkn2l3rARyKfuUIGg0U2Mbos4fjarWFVd6iHqKPSxFgKfVHWMvgLg-B53sKO9C5FOFJseE852n6-xxckZm0UZ8KeVopxp_UOMpvzcc7vG5MvQ4MEtgyeZFny3zryHxeXky-bVqiTtG74SSKjABAZZR  a1b741695124f50523b8d5acf0863686 1]
debug 22:17:17.240956 rpcs.go:38:    回发结果:200,<nil>
debug 22:17:17.345576 rpcs.go:31: 收到请求:Matching[67 0 0 0 -1]
debug 22:17:17.347147 rpcs.go:40:    回发结果:200,1
debug 22:17:17.348875 rpcs.go:31: 收到请求:EnterRoom[67 0 0 -1]
debug 22:17:17.351868 user.go:965: 推送数据:67&Matching_Push&67$0$0$15$0||##1
debug 22:17:17.351973 rpcs.go:40:    回发结果:200,1549981037350
debug 22:17:17.550610 rpcs.go:31: 收到请求:Setout[67]
debug 22:17:17.552853 user.go:965: 推送数据:67&Matching_Push&67$1$0$15$0||##1
debug 22:17:17.552946 rpcs.go:40:    回发结果:200,1
debug 22:17:24.127489 rpcs.go:31: 收到请求:ClientConnClose[67]
debug 22:17:24.127565 rpcs.go:40:    回发结果:200,-c
debug 22:17:24.192308 rpcs.go:31: 收到请求:Connect[67 h1 18_IQYDhkn2l3rARyKfuUIGg0U2Mbos4fjarWFVd6iHqKPSxFgKfVHWMvgLg-B53sKO9C5FOFJseE852n6-xxckZm0UZ8KeVopxp_UOMpvzcc7vG5MvQ4MEtgyeZFny3zryHxeXky-bVqiTtG74SSKjABAZZR  a1b741695124f50523b8d5acf0863686 1]
debug 22:17:24.205499 rpcs.go:38:    回发结果:200,<nil>
debug 22:17:24.311564 rpcs.go:31: 收到请求:Matching[67 0 0 0 -1]
debug 22:17:24.315501 rpcs.go:40:    回发结果:200,1
debug 22:17:24.317073 rpcs.go:31: 收到请求:EnterRoom[67 0 0 -1]
debug 22:17:24.319631 user.go:965: 推送数据:67&Matching_Push&67$0$0$15$0||##1
debug 22:17:24.319711 rpcs.go:40:    回发结果:200,1549981044318
debug 22:17:24.520370 rpcs.go:31: 收到请求:Setout[67]
debug 22:17:24.522949 user.go:965: 推送数据:67&Matching_Push&67$1$0$15$0||##1
debug 22:17:24.523058 rpcs.go:40:    回发结果:200,1
debug 22:17:24.648348 rpcs.go:31: 收到请求:ClientConnClose[67]
debug 22:17:24.648400 rpcs.go:40:    回发结果:200,-c
debug 22:17:24.724818 rpcs.go:31: 收到请求:Connect[67 h1 18_IQYDhkn2l3rARyKfuUIGg0U2Mbos4fjarWFVd6iHqKPSxFgKfVHWMvgLg-B53sKO9C5FOFJseE852n6-xxckZm0UZ8KeVopxp_UOMpvzcc7vG5MvQ4MEtgyeZFny3zryHxeXky-bVqiTtG74SSKjABAZZR  a1b741695124f50523b8d5acf0863686 1]
debug 22:17:24.729972 rpcs.go:38:    回发结果:200,<nil>
debug 22:17:24.835818 rpcs.go:31: 收到请求:Matching[67 0 0 0 -1]
debug 22:17:24.837507 rpcs.go:40:    回发结果:200,1
debug 22:17:24.839729 rpcs.go:31: 收到请求:EnterRoom[67 0 0 -1]
debug 22:17:24.843127 user.go:965: 推送数据:67&Matching_Push&67$0$0$15$0||##1
debug 22:17:24.843248 rpcs.go:40:    回发结果:200,1549981044841
debug 22:17:25.041340 rpcs.go:31: 收到请求:Setout[67]
debug 22:17:25.043829 user.go:965: 推送数据:67&Matching_Push&67$1$0$15$0||##1
debug 22:17:25.043939 rpcs.go:40:    回发结果:200,1
debug 22:17:25.386338 rpcs.go:31: 收到请求:ClientConnClose[67]
debug 22:17:25.386447 rpcs.go:40:    回发结果:200,-c
debug 22:17:25.447435 rpcs.go:31: 收到请求:Connect[67 h1 18_IQYDhkn2l3rARyKfuUIGg0U2Mbos4fjarWFVd6iHqKPSxFgKfVHWMvgLg-B53sKO9C5FOFJseE852n6-xxckZm0UZ8KeVopxp_UOMpvzcc7vG5MvQ4MEtgyeZFny3zryHxeXky-bVqiTtG74SSKjABAZZR  a1b741695124f50523b8d5acf0863686 1]
debug 22:17:25.460939 rpcs.go:38:    回发结果:200,<nil>
debug 22:17:25.566265 rpcs.go:31: 收到请求:Matching[67 0 0 0 -1]
debug 22:17:25.567898 rpcs.go:40:    回发结果:200,1
debug 22:17:25.569893 rpcs.go:31: 收到请求:EnterRoom[67 0 0 -1]
debug 22:17:25.573059 user.go:965: 推送数据:67&Matching_Push&67$0$0$15$0||##1
debug 22:17:25.573161 rpcs.go:40:    回发结果:200,1549981045571
debug 22:17:25.776845 rpcs.go:31: 收到请求:Setout[67]
debug 22:17:25.779127 user.go:965: 推送数据:67&Matching_Push&67$1$0$15$0||##1
debug 22:17:25.779273 rpcs.go:40:    回发结果:200,1
debug 22:17:25.922198 rpcs.go:31: 收到请求:ClientConnClose[67]
debug 22:17:25.922276 rpcs.go:40:    回发结果:200,-c
debug 22:17:25.992575 rpcs.go:31: 收到请求:Connect[67 h1 18_IQYDhkn2l3rARyKfuUIGg0U2Mbos4fjarWFVd6iHqKPSxFgKfVHWMvgLg-B53sKO9C5FOFJseE852n6-xxckZm0UZ8KeVopxp_UOMpvzcc7vG5MvQ4MEtgyeZFny3zryHxeXky-bVqiTtG74SSKjABAZZR  a1b741695124f50523b8d5acf0863686 1]
debug 22:17:26.007896 rpcs.go:38:    回发结果:200,<nil>
debug 22:17:26.112475 rpcs.go:31: 收到请求:Matching[67 0 0 0 -1]
debug 22:17:26.113534 rpcs.go:40:    回发结果:200,1
debug 22:17:26.114465 rpcs.go:31: 收到请求:EnterRoom[67 0 0 -1]
debug 22:17:26.116588 user.go:965: 推送数据:67&Matching_Push&67$0$0$15$0||##1
debug 22:17:26.116667 rpcs.go:40:    回发结果:200,1549981046115
debug 22:17:26.316877 rpcs.go:31: 收到请求:Setout[67]
debug 22:17:26.319135 user.go:965: 推送数据:67&Matching_Push&67$1$0$15$0||##1
debug 22:17:26.319226 rpcs.go:40:    回发结果:200,1
debug 22:22:21.092794 rpcs.go:31: 收到请求:Matching[67 0 0 0 -1]
debug 22:22:21.096120 rpcs.go:40:    回发结果:200,1
debug 22:22:21.097569 rpcs.go:31: 收到请求:EnterRoom[67 0 0 -1]
debug 22:22:21.098466 rpcs.go:40:    回发结果:200,1549981046115
debug 22:22:21.301832 rpcs.go:31: 收到请求:Setout[67]
debug 22:22:21.302838 rpcs.go:40:    回发结果:200,1
debug 22:22:26.188868 rpcs.go:31: 收到请求:ClientConnClose[67]
debug 22:22:26.188937 rpcs.go:40:    回发结果:200,-c
debug 22:22:26.385436 rpcs.go:31: 收到请求:Matching[67 0 0 0 -1]
debug 22:22:26.386825 rpcs.go:40:    回发结果:200,1
debug 22:22:26.388635 rpcs.go:31: 收到请求:EnterRoom[67 0 0 -1]
debug 22:22:26.592704 rpcs.go:31: 收到请求:Setout[67]
debug 22:22:26.592792 rpcs.go:40:    回发结果:200,-101
debug 22:22:26.692143 rpcs.go:31: 收到请求:ClientConnClose[67]
debug 22:22:26.692202 rpcs.go:40:    回发结果:200,-c
debug 22:22:26.881250 rpcs.go:31: 收到请求:Matching[67 0 0 0 -1]
debug 22:22:26.882797 rpcs.go:40:    回发结果:200,1
debug 22:22:26.884562 rpcs.go:31: 收到请求:EnterRoom[67 0 0 -1]
debug 22:22:27.089840 rpcs.go:31: 收到请求:Setout[67]
debug 22:22:27.089964 rpcs.go:40:    回发结果:200,-101
debug 22:22:27.212549 rpcs.go:31: 收到请求:ClientConnClose[67]
debug 22:22:27.212607 rpcs.go:40:    回发结果:200,-c
debug 22:22:27.393402 rpcs.go:31: 收到请求:Matching[67 0 0 0 -1]
debug 22:22:27.394637 rpcs.go:40:    回发结果:200,1
debug 22:22:27.396486 rpcs.go:31: 收到请求:EnterRoom[67 0 0 -1]
debug 22:22:27.598556 rpcs.go:31: 收到请求:Setout[67]
debug 22:22:27.598677 rpcs.go:40:    回发结果:200,-101
debug 22:22:27.756570 rpcs.go:31: 收到请求:ClientConnClose[67]
debug 22:22:27.756626 rpcs.go:40:    回发结果:200,-c
debug 22:22:27.952825 rpcs.go:31: 收到请求:Matching[67 0 0 0 -1]
debug 22:22:27.954128 rpcs.go:40:    回发结果:200,1
debug 22:22:27.955995 rpcs.go:31: 收到请求:EnterRoom[67 0 0 -1]
debug 22:22:28.157005 rpcs.go:31: 收到请求:Setout[67]
debug 22:22:28.157128 rpcs.go:40:    回发结果:200,-101
debug 22:22:28.268004 rpcs.go:31: 收到请求:ClientConnClose[67]
debug 22:22:28.268075 rpcs.go:40:    回发结果:200,-c
debug 22:22:28.456448 rpcs.go:31: 收到请求:Matching[67 0 0 0 -1]
debug 22:22:28.457953 rpcs.go:40:    回发结果:200,1
debug 22:22:28.459597 rpcs.go:31: 收到请求:EnterRoom[67 0 0 -1]
debug 22:22:28.665002 rpcs.go:31: 收到请求:Setout[67]
debug 22:22:28.665100 rpcs.go:40:    回发结果:200,-101
debug 22:22:31.644582 rpcs.go:31: 收到请求:ClientConnClose[67]
debug 22:22:31.644643 rpcs.go:40:    回发结果:200,-c
debug 22:22:31.826466 rpcs.go:31: 收到请求:Matching[67 0 0 0 -1]
debug 22:22:31.830001 rpcs.go:40:    回发结果:200,1
debug 22:22:31.831951 rpcs.go:31: 收到请求:EnterRoom[67 0 0 -1]
debug 22:22:32.034475 rpcs.go:31: 收到请求:Setout[67]
debug 22:22:32.034588 rpcs.go:40:    回发结果:200,-101
debug 22:22:32.435688 rpcs.go:31: 收到请求:ClientConnClose[67]
debug 22:22:32.435745 rpcs.go:40:    回发结果:200,-c
debug 22:22:32.621349 rpcs.go:31: 收到请求:Matching[67 0 0 0 -1]
debug 22:22:32.622542 rpcs.go:40:    回发结果:200,1
debug 22:22:32.624007 rpcs.go:31: 收到请求:EnterRoom[67 0 0 -1]
debug 22:22:32.828215 rpcs.go:31: 收到请求:Setout[67]
debug 22:22:32.828313 rpcs.go:40:    回发结果:200,-101
debug 22:22:33.228226 rpcs.go:31: 收到请求:ClientConnClose[67]
debug 22:22:33.228284 rpcs.go:40:    回发结果:200,-c
debug 22:22:33.414947 rpcs.go:31: 收到请求:Matching[67 0 0 0 -1]
debug 22:22:33.416160 rpcs.go:40:    回发结果:200,1
debug 22:22:33.417843 rpcs.go:31: 收到请求:EnterRoom[67 0 0 -1]
debug 22:22:33.622293 rpcs.go:31: 收到请求:Setout[67]
debug 22:22:33.622403 rpcs.go:40:    回发结果:200,-101
debug 22:22:34.020503 rpcs.go:31: 收到请求:ClientConnClose[67]
debug 22:22:34.020559 rpcs.go:40:    回发结果:200,-c
debug 22:22:34.208707 rpcs.go:31: 收到请求:Matching[67 0 0 0 -1]
debug 22:22:34.210203 rpcs.go:40:    回发结果:200,1
debug 22:22:34.211905 rpcs.go:31: 收到请求:EnterRoom[67 0 0 -1]
debug 22:22:34.412973 rpcs.go:31: 收到请求:Setout[67]
debug 22:22:34.413112 rpcs.go:40:    回发结果:200,-101
debug 22:24:15.287214 rpcs.go:31: 收到请求:Matching[67 0 0 0 -1]
debug 22:24:15.291040 rpcs.go:40:    回发结果:200,1
debug 22:24:15.292747 rpcs.go:31: 收到请求:EnterRoom[67 0 0 -1]
debug 22:24:15.496944 rpcs.go:31: 收到请求:Setout[67]
debug 22:24:15.497060 rpcs.go:40:    回发结果:200,-101
debug 22:24:18.731165 rpcs.go:31: 收到请求:ClientConnClose[67]
debug 22:24:18.731233 rpcs.go:40:    回发结果:200,-c
debug 22:24:18.912297 rpcs.go:31: 收到请求:Matching[67 0 0 0 -1]
debug 22:24:18.913776 rpcs.go:40:    回发结果:200,1
debug 22:24:18.915562 rpcs.go:31: 收到请求:EnterRoom[67 0 0 -1]
debug 22:24:19.120700 rpcs.go:31: 收到请求:Setout[67]
debug 22:24:19.120781 rpcs.go:40:    回发结果:200,-101
debug 22:24:20.379313 rpcs.go:31: 收到请求:ClientConnClose[67]
debug 22:24:20.379375 rpcs.go:40:    回发结果:200,-c
debug 22:24:20.562415 rpcs.go:31: 收到请求:Matching[67 0 0 0 -1]
debug 22:24:20.574327 rpcs.go:40:    回发结果:200,1
debug 22:24:20.576178 rpcs.go:31: 收到请求:EnterRoom[67 0 0 -1]
debug 22:24:20.599809 rpcs.go:31: 收到请求:ClientConnClose[67]
debug 22:24:20.599863 rpcs.go:40:    回发结果:200,-c
debug 22:24:20.781071 rpcs.go:31: 收到请求:Matching[67 0 0 0 -1]
debug 22:24:20.782526 rpcs.go:40:    回发结果:200,1
debug 22:24:20.784015 rpcs.go:31: 收到请求:EnterRoom[67 0 0 -1]
debug 22:24:20.883204 rpcs.go:31: 收到请求:ClientConnClose[67]
debug 22:24:20.883262 rpcs.go:40:    回发结果:200,-c
debug 22:24:21.062142 rpcs.go:31: 收到请求:Matching[67 0 0 0 -1]
debug 22:24:21.073284 rpcs.go:40:    回发结果:200,1
debug 22:24:21.075740 rpcs.go:31: 收到请求:EnterRoom[67 0 0 -1]
debug 22:24:21.103691 rpcs.go:31: 收到请求:ClientConnClose[67]
debug 22:24:21.103773 rpcs.go:40:    回发结果:200,-c
debug 22:24:21.281471 rpcs.go:31: 收到请求:Matching[67 0 0 0 -1]
debug 22:24:21.282985 rpcs.go:40:    回发结果:200,1
debug 22:24:21.284767 rpcs.go:31: 收到请求:EnterRoom[67 0 0 -1]
debug 22:24:21.347050 rpcs.go:31: 收到请求:ClientConnClose[67]
debug 22:24:21.347105 rpcs.go:40:    回发结果:200,-c
debug 22:24:21.540998 rpcs.go:31: 收到请求:Matching[67 0 0 0 -1]
debug 22:24:21.542436 rpcs.go:40:    回发结果:200,1
debug 22:24:21.544100 rpcs.go:31: 收到请求:EnterRoom[67 0 0 -1]
debug 22:24:21.575977 rpcs.go:31: 收到请求:ClientConnClose[67]
debug 22:24:21.576029 rpcs.go:40:    回发结果:200,-c
debug 22:24:21.749210 rpcs.go:31: 收到请求:Matching[67 0 0 0 -1]
debug 22:24:21.750742 rpcs.go:40:    回发结果:200,1
debug 22:24:21.752484 rpcs.go:31: 收到请求:EnterRoom[67 0 0 -1]
debug 22:24:21.770424 rpcs.go:31: 收到请求:ClientConnClose[67]
debug 22:24:21.770473 rpcs.go:40:    回发结果:200,-c
debug 22:24:21.962453 rpcs.go:31: 收到请求:Matching[67 0 0 0 -1]
debug 22:24:21.963906 rpcs.go:40:    回发结果:200,1
debug 22:24:21.965695 rpcs.go:31: 收到请求:EnterRoom[67 0 0 -1]
debug 22:24:22.173132 rpcs.go:31: 收到请求:Setout[67]
debug 22:24:22.173219 rpcs.go:40:    回发结果:200,-101
debug 22:24:27.257793 rpcs.go:31: 收到请求:ClientConnClose[67]
debug 22:24:27.257844 rpcs.go:40:    回发结果:200,-c
debug 22:24:27.454607 rpcs.go:31: 收到请求:Matching[67 0 0 0 -1]
debug 22:24:27.457825 rpcs.go:40:    回发结果:200,1
debug 22:24:27.459227 rpcs.go:31: 收到请求:EnterRoom[67 0 0 -1]
debug 22:24:27.571981 rpcs.go:31: 收到请求:ClientConnClose[67]
debug 22:24:27.572073 rpcs.go:40:    回发结果:200,-c
debug 22:24:27.748182 rpcs.go:31: 收到请求:ClientConnClose[67]
debug 22:24:27.748249 rpcs.go:40:    回发结果:200,-c
debug 22:24:27.908130 rpcs.go:31: 收到请求:ClientConnClose[67]
debug 22:24:27.908200 rpcs.go:40:    回发结果:200,-c
debug 22:24:28.074604 rpcs.go:31: 收到请求:ClientConnClose[67]
debug 22:24:28.074659 rpcs.go:40:    回发结果:200,-c
debug 22:24:28.253653 rpcs.go:31: 收到请求:Matching[67 0 0 0 -1]
debug 22:24:28.255057 rpcs.go:40:    回发结果:200,1
debug 22:24:28.256904 rpcs.go:31: 收到请求:EnterRoom[67 0 0 -1]
debug 22:24:28.461031 rpcs.go:31: 收到请求:Setout[67]
debug 22:24:28.461122 rpcs.go:40:    回发结果:200,-101
debug 22:25:07.983743 rpcs.go:31: 收到请求:ClientConnClose[67]
debug 22:25:07.983808 rpcs.go:40:    回发结果:200,-c
debug 22:25:08.188608 rpcs.go:31: 收到请求:Matching[67 0 0 0 -1]
debug 22:25:08.192190 rpcs.go:40:    回发结果:200,1
debug 22:25:08.193684 rpcs.go:31: 收到请求:EnterRoom[67 0 0 -1]
debug 22:25:08.398544 rpcs.go:31: 收到请求:Setout[67]
debug 22:25:08.398627 rpcs.go:40:    回发结果:200,-101
debug 22:25:08.510992 rpcs.go:31: 收到请求:ClientConnClose[67]
debug 22:25:08.511061 rpcs.go:40:    回发结果:200,-c
debug 22:25:08.699955 rpcs.go:31: 收到请求:Matching[67 0 0 0 -1]
debug 22:25:08.701270 rpcs.go:40:    回发结果:200,1
debug 22:25:08.702936 rpcs.go:31: 收到请求:EnterRoom[67 0 0 -1]
debug 22:25:08.907313 rpcs.go:31: 收到请求:Setout[67]
debug 22:25:08.907410 rpcs.go:40:    回发结果:200,-101
debug 22:25:08.983920 rpcs.go:31: 收到请求:ClientConnClose[67]
debug 22:25:08.983972 rpcs.go:40:    回发结果:200,-c
debug 22:25:09.180130 rpcs.go:31: 收到请求:Matching[67 0 0 0 -1]
debug 22:25:09.181650 rpcs.go:40:    回发结果:200,1
debug 22:25:09.183405 rpcs.go:31: 收到请求:EnterRoom[67 0 0 -1]
debug 22:25:09.387698 rpcs.go:31: 收到请求:Setout[67]
debug 22:25:09.387775 rpcs.go:40:    回发结果:200,-101
debug 22:25:09.436352 rpcs.go:31: 收到请求:ClientConnClose[67]
debug 22:25:09.436434 rpcs.go:40:    回发结果:200,-c
debug 22:25:09.617466 rpcs.go:31: 收到请求:Matching[67 0 0 0 -1]
debug 22:25:09.618292 rpcs.go:40:    回发结果:200,1
debug 22:25:09.619619 rpcs.go:31: 收到请求:EnterRoom[67 0 0 -1]
debug 22:25:09.823957 rpcs.go:31: 收到请求:Setout[67]
debug 22:25:09.824057 rpcs.go:40:    回发结果:200,-101
debug 22:25:09.886458 rpcs.go:31: 收到请求:ClientConnClose[67]
debug 22:25:09.886515 rpcs.go:40:    回发结果:200,-c
debug 22:25:10.071717 rpcs.go:31: 收到请求:Matching[67 0 0 0 -1]
debug 22:25:10.072941 rpcs.go:40:    回发结果:200,1
debug 22:25:10.074245 rpcs.go:31: 收到请求:EnterRoom[67 0 0 -1]
debug 22:25:10.278266 rpcs.go:31: 收到请求:Setout[67]
debug 22:25:10.278367 rpcs.go:40:    回发结果:200,-101
debug 22:25:12.999170 rpcs.go:31: 收到请求:ClientConnClose[67]
debug 22:25:12.999225 rpcs.go:40:    回发结果:200,-c
debug 22:25:13.183449 rpcs.go:31: 收到请求:Matching[67 0 0 0 -1]
debug 22:25:13.184981 rpcs.go:40:    回发结果:200,1
debug 22:25:13.186751 rpcs.go:31: 收到请求:EnterRoom[67 0 0 -1]
debug 22:25:13.270890 rpcs.go:31: 收到请求:ClientConnClose[67]
debug 22:25:13.270969 rpcs.go:40:    回发结果:200,-c
debug 22:25:13.449930 rpcs.go:31: 收到请求:Matching[67 0 0 0 -1]
debug 22:25:13.451456 rpcs.go:40:    回发结果:200,1
debug 22:25:13.453123 rpcs.go:31: 收到请求:EnterRoom[67 0 0 -1]
debug 22:25:13.579717 rpcs.go:31: 收到请求:ClientConnClose[67]
debug 22:25:13.579771 rpcs.go:40:    回发结果:200,-c
debug 22:25:13.762849 rpcs.go:31: 收到请求:Matching[67 0 0 0 -1]
debug 22:25:13.764485 rpcs.go:40:    回发结果:200,1
debug 22:25:13.766246 rpcs.go:31: 收到请求:EnterRoom[67 0 0 -1]
debug 22:25:13.879066 rpcs.go:31: 收到请求:ClientConnClose[67]
debug 22:25:13.879120 rpcs.go:40:    回发结果:200,-c
debug 22:25:14.052682 rpcs.go:31: 收到请求:Matching[67 0 0 0 -1]
debug 22:25:14.054214 rpcs.go:40:    回发结果:200,1
debug 22:25:14.056061 rpcs.go:31: 收到请求:EnterRoom[67 0 0 -1]
debug 22:25:14.191112 rpcs.go:31: 收到请求:ClientConnClose[67]
debug 22:25:14.191182 rpcs.go:40:    回发结果:200,-c
debug 22:25:14.380286 rpcs.go:31: 收到请求:Matching[67 0 0 0 -1]
debug 22:25:14.381761 rpcs.go:40:    回发结果:200,1
debug 22:25:14.383553 rpcs.go:31: 收到请求:EnterRoom[67 0 0 -1]
debug 22:25:14.587271 rpcs.go:31: 收到请求:Setout[67]
debug 22:25:14.587377 rpcs.go:40:    回发结果:200,-101
debug 22:26:06.579346 rpcs.go:31: 收到请求:Connect[67 h1 18_-Yqy0JfAOEvYpDx-7yV1vYTPqyr7V5sSn49Bt-kU_iJ3nYgSanBX0appSEkDYC5CS_fMlroGl_Jjj6gBhDQpSxNBrc86nVNJnooqUxuClePazjpHxM6-TyskLQQRjPGVnDZFfE86RDfSmyUeRXJaAHAJPB  a1b741695124f50523b8d5acf0863686 1]
debug 22:26:06.592540 rpcs.go:38:    回发结果:200,<nil>
debug 22:26:06.698295 rpcs.go:31: 收到请求:Matching[67 0 0 0 -1]
debug 22:26:06.702610 rpcs.go:40:    回发结果:200,1
debug 22:26:06.704311 rpcs.go:31: 收到请求:EnterRoom[67 0 0 -1]
debug 22:26:06.707862 user.go:965: 推送数据:67&Matching_Push&67$0$0$15$0||##1
debug 22:26:06.707941 rpcs.go:40:    回发结果:200,1549981566705
debug 22:26:06.909099 rpcs.go:31: 收到请求:Setout[67]
debug 22:26:06.911420 user.go:965: 推送数据:67&Matching_Push&67$1$0$15$0||##1
debug 22:26:06.911519 rpcs.go:40:    回发结果:200,1
debug 22:26:09.244474 rpcs.go:31: 收到请求:ClientConnClose[67]
debug 22:26:09.244545 rpcs.go:40:    回发结果:200,-c
debug 22:26:09.319055 rpcs.go:31: 收到请求:Connect[67 h1 18_-Yqy0JfAOEvYpDx-7yV1vYTPqyr7V5sSn49Bt-kU_iJ3nYgSanBX0appSEkDYC5CS_fMlroGl_Jjj6gBhDQpSxNBrc86nVNJnooqUxuClePazjpHxM6-TyskLQQRjPGVnDZFfE86RDfSmyUeRXJaAHAJPB  a1b741695124f50523b8d5acf0863686 1]
debug 22:26:09.339566 rpcs.go:38:    回发结果:200,<nil>
debug 22:26:09.445589 rpcs.go:31: 收到请求:Matching[67 0 0 0 -1]
debug 22:26:09.447071 rpcs.go:40:    回发结果:200,1
debug 22:26:09.449076 rpcs.go:31: 收到请求:EnterRoom[67 0 0 -1]
debug 22:26:09.452348 user.go:965: 推送数据:67&Matching_Push&67$0$0$15$0||##1
debug 22:26:09.452453 rpcs.go:40:    回发结果:200,1549981569450
debug 22:26:09.654284 rpcs.go:31: 收到请求:Setout[67]
debug 22:26:09.656243 user.go:965: 推送数据:67&Matching_Push&67$1$0$15$0||##1
debug 22:26:09.656394 rpcs.go:40:    回发结果:200,1
debug 22:26:10.091213 rpcs.go:31: 收到请求:ClientConnClose[67]
debug 22:26:10.091275 rpcs.go:40:    回发结果:200,-c
debug 22:26:10.189743 rpcs.go:31: 收到请求:Connect[67 h1 18_-Yqy0JfAOEvYpDx-7yV1vYTPqyr7V5sSn49Bt-kU_iJ3nYgSanBX0appSEkDYC5CS_fMlroGl_Jjj6gBhDQpSxNBrc86nVNJnooqUxuClePazjpHxM6-TyskLQQRjPGVnDZFfE86RDfSmyUeRXJaAHAJPB  a1b741695124f50523b8d5acf0863686 1]
debug 22:26:10.196583 rpcs.go:38:    回发结果:200,<nil>
debug 22:26:10.300552 rpcs.go:31: 收到请求:Matching[67 0 0 0 -1]
debug 22:26:10.302225 rpcs.go:40:    回发结果:200,1
debug 22:26:10.304274 rpcs.go:31: 收到请求:EnterRoom[67 0 0 -1]
debug 22:26:10.307737 user.go:965: 推送数据:67&Matching_Push&67$0$0$15$0||##1
debug 22:26:10.307856 rpcs.go:40:    回发结果:200,1549981570305
debug 22:26:10.508325 rpcs.go:31: 收到请求:Setout[67]
debug 22:26:10.510754 user.go:965: 推送数据:67&Matching_Push&67$1$0$15$0||##1
debug 22:26:10.510882 rpcs.go:40:    回发结果:200,1
debug 22:26:10.780845 rpcs.go:31: 收到请求:ClientConnClose[67]
debug 22:26:10.780907 rpcs.go:40:    回发结果:200,-c
debug 22:26:10.852760 rpcs.go:31: 收到请求:Connect[67 h1 18_-Yqy0JfAOEvYpDx-7yV1vYTPqyr7V5sSn49Bt-kU_iJ3nYgSanBX0appSEkDYC5CS_fMlroGl_Jjj6gBhDQpSxNBrc86nVNJnooqUxuClePazjpHxM6-TyskLQQRjPGVnDZFfE86RDfSmyUeRXJaAHAJPB  a1b741695124f50523b8d5acf0863686 1]
debug 22:26:10.869079 rpcs.go:38:    回发结果:200,<nil>
debug 22:26:10.973806 rpcs.go:31: 收到请求:Matching[67 0 0 0 -1]
debug 22:26:10.975469 rpcs.go:40:    回发结果:200,1
debug 22:26:10.977467 rpcs.go:31: 收到请求:EnterRoom[67 0 0 -1]
debug 22:26:10.980204 user.go:965: 推送数据:67&Matching_Push&67$0$0$15$0||##1
debug 22:26:10.980287 rpcs.go:40:    回发结果:200,1549981570978
debug 22:26:11.185711 rpcs.go:31: 收到请求:Setout[67]
debug 22:26:11.187968 user.go:965: 推送数据:67&Matching_Push&67$1$0$15$0||##1
debug 22:26:11.188131 rpcs.go:40:    回发结果:200,1
debug 22:26:14.852427 rpcs.go:31: 收到请求:ClientConnClose[67]
debug 22:26:14.852509 rpcs.go:40:    回发结果:200,-c
debug 22:26:14.930908 rpcs.go:31: 收到请求:Connect[67 h1 18_-Yqy0JfAOEvYpDx-7yV1vYTPqyr7V5sSn49Bt-kU_iJ3nYgSanBX0appSEkDYC5CS_fMlroGl_Jjj6gBhDQpSxNBrc86nVNJnooqUxuClePazjpHxM6-TyskLQQRjPGVnDZFfE86RDfSmyUeRXJaAHAJPB  a1b741695124f50523b8d5acf0863686 1]
debug 22:26:14.948075 rpcs.go:38:    回发结果:200,<nil>
debug 22:26:15.053921 rpcs.go:31: 收到请求:Matching[67 0 0 0 -1]
debug 22:26:15.055462 rpcs.go:40:    回发结果:200,1
debug 22:26:15.057916 rpcs.go:31: 收到请求:EnterRoom[67 0 0 -1]
debug 22:26:15.060871 user.go:965: 推送数据:67&Matching_Push&67$0$0$15$0||##1
debug 22:26:15.068372 rpcs.go:40:    回发结果:200,1549981575059
debug 22:26:15.156011 rpcs.go:31: 收到请求:ClientConnClose[67]
debug 22:26:15.156108 rpcs.go:40:    回发结果:200,-c
debug 22:26:15.220164 rpcs.go:31: 收到请求:Connect[67 h1 18_-Yqy0JfAOEvYpDx-7yV1vYTPqyr7V5sSn49Bt-kU_iJ3nYgSanBX0appSEkDYC5CS_fMlroGl_Jjj6gBhDQpSxNBrc86nVNJnooqUxuClePazjpHxM6-TyskLQQRjPGVnDZFfE86RDfSmyUeRXJaAHAJPB  a1b741695124f50523b8d5acf0863686 1]
debug 22:26:15.232693 rpcs.go:38:    回发结果:200,<nil>
debug 22:26:15.339269 rpcs.go:31: 收到请求:Matching[67 0 0 0 -1]
debug 22:26:15.341021 rpcs.go:40:    回发结果:200,1
debug 22:26:15.343140 rpcs.go:31: 收到请求:EnterRoom[67 0 0 -1]
debug 22:26:15.346180 user.go:965: 推送数据:67&Matching_Push&67$0$0$15$0||##1
debug 22:26:15.346304 rpcs.go:40:    回发结果:200,1549981575344
debug 22:26:15.452353 rpcs.go:31: 收到请求:ClientConnClose[67]
debug 22:26:15.452417 rpcs.go:40:    回发结果:200,-c
debug 22:26:15.507782 rpcs.go:31: 收到请求:Connect[67 h1 18_-Yqy0JfAOEvYpDx-7yV1vYTPqyr7V5sSn49Bt-kU_iJ3nYgSanBX0appSEkDYC5CS_fMlroGl_Jjj6gBhDQpSxNBrc86nVNJnooqUxuClePazjpHxM6-TyskLQQRjPGVnDZFfE86RDfSmyUeRXJaAHAJPB  a1b741695124f50523b8d5acf0863686 1]
debug 22:26:15.521845 rpcs.go:38:    回发结果:200,<nil>
debug 22:26:15.628146 rpcs.go:31: 收到请求:Matching[67 0 0 0 -1]
debug 22:26:15.629499 rpcs.go:40:    回发结果:200,1
debug 22:26:15.631131 rpcs.go:31: 收到请求:EnterRoom[67 0 0 -1]
debug 22:26:15.634181 user.go:965: 推送数据:67&Matching_Push&67$0$0$15$0||##1
debug 22:26:15.634306 rpcs.go:40:    回发结果:200,1549981575632
debug 22:26:15.763185 rpcs.go:31: 收到请求:ClientConnClose[67]
debug 22:26:15.763247 rpcs.go:40:    回发结果:200,-c
debug 22:26:15.829896 rpcs.go:31: 收到请求:Connect[67 h1 18_-Yqy0JfAOEvYpDx-7yV1vYTPqyr7V5sSn49Bt-kU_iJ3nYgSanBX0appSEkDYC5CS_fMlroGl_Jjj6gBhDQpSxNBrc86nVNJnooqUxuClePazjpHxM6-TyskLQQRjPGVnDZFfE86RDfSmyUeRXJaAHAJPB  a1b741695124f50523b8d5acf0863686 1]
debug 22:26:15.844410 rpcs.go:38:    回发结果:200,<nil>
debug 22:26:15.949187 rpcs.go:31: 收到请求:Matching[67 0 0 0 -1]
debug 22:26:15.950673 rpcs.go:40:    回发结果:200,1
debug 22:26:15.952669 rpcs.go:31: 收到请求:EnterRoom[67 0 0 -1]
debug 22:26:15.956053 user.go:965: 推送数据:67&Matching_Push&67$0$0$15$0||##1
debug 22:26:15.956143 rpcs.go:40:    回发结果:200,1549981575954
debug 22:26:16.068011 rpcs.go:31: 收到请求:ClientConnClose[67]
debug 22:26:16.068073 rpcs.go:40:    回发结果:200,-c
debug 22:26:16.130725 rpcs.go:31: 收到请求:Connect[67 h1 18_-Yqy0JfAOEvYpDx-7yV1vYTPqyr7V5sSn49Bt-kU_iJ3nYgSanBX0appSEkDYC5CS_fMlroGl_Jjj6gBhDQpSxNBrc86nVNJnooqUxuClePazjpHxM6-TyskLQQRjPGVnDZFfE86RDfSmyUeRXJaAHAJPB  a1b741695124f50523b8d5acf0863686 1]
debug 22:26:16.145140 rpcs.go:38:    回发结果:200,<nil>
debug 22:26:16.249379 rpcs.go:31: 收到请求:Matching[67 0 0 0 -1]
debug 22:26:16.251144 rpcs.go:40:    回发结果:200,1
debug 22:26:16.253201 rpcs.go:31: 收到请求:EnterRoom[67 0 0 -1]
debug 22:26:16.256012 user.go:965: 推送数据:67&Matching_Push&67$0$0$15$0||##1
debug 22:26:16.256090 rpcs.go:40:    回发结果:200,1549981576254
debug 22:26:16.299206 rpcs.go:31: 收到请求:ClientConnClose[67]
debug 22:26:16.299283 rpcs.go:40:    回发结果:200,-c
debug 22:26:16.360000 rpcs.go:31: 收到请求:Connect[67 h1 18_-Yqy0JfAOEvYpDx-7yV1vYTPqyr7V5sSn49Bt-kU_iJ3nYgSanBX0appSEkDYC5CS_fMlroGl_Jjj6gBhDQpSxNBrc86nVNJnooqUxuClePazjpHxM6-TyskLQQRjPGVnDZFfE86RDfSmyUeRXJaAHAJPB  a1b741695124f50523b8d5acf0863686 1]
debug 22:26:16.375491 rpcs.go:38:    回发结果:200,<nil>
debug 22:26:16.480964 rpcs.go:31: 收到请求:Matching[67 0 0 0 -1]
debug 22:26:16.482709 rpcs.go:40:    回发结果:200,1
debug 22:26:16.484807 rpcs.go:31: 收到请求:EnterRoom[67 0 0 -1]
debug 22:26:16.487816 user.go:965: 推送数据:67&Matching_Push&67$0$0$15$0||##1
debug 22:26:16.487892 rpcs.go:40:    回发结果:200,1549981576486
debug 22:26:16.595523 rpcs.go:31: 收到请求:ClientConnClose[67]
debug 22:26:16.595580 rpcs.go:40:    回发结果:200,-c
debug 22:26:16.660142 rpcs.go:31: 收到请求:Connect[67 h1 18_-Yqy0JfAOEvYpDx-7yV1vYTPqyr7V5sSn49Bt-kU_iJ3nYgSanBX0appSEkDYC5CS_fMlroGl_Jjj6gBhDQpSxNBrc86nVNJnooqUxuClePazjpHxM6-TyskLQQRjPGVnDZFfE86RDfSmyUeRXJaAHAJPB  a1b741695124f50523b8d5acf0863686 1]
debug 22:26:16.676964 rpcs.go:38:    回发结果:200,<nil>
debug 22:26:16.780668 rpcs.go:31: 收到请求:Matching[67 0 0 0 -1]
debug 22:26:16.783400 rpcs.go:40:    回发结果:200,1
debug 22:26:16.784992 rpcs.go:31: 收到请求:EnterRoom[67 0 0 -1]
debug 22:26:16.787300 user.go:965: 推送数据:67&Matching_Push&67$0$0$15$0||##1
debug 22:26:16.787373 rpcs.go:40:    回发结果:200,1549981576785
debug 22:26:16.913089 rpcs.go:31: 收到请求:ClientConnClose[67]
debug 22:26:16.913151 rpcs.go:40:    回发结果:200,-c
debug 22:26:16.983511 rpcs.go:31: 收到请求:Connect[67 h1 18_-Yqy0JfAOEvYpDx-7yV1vYTPqyr7V5sSn49Bt-kU_iJ3nYgSanBX0appSEkDYC5CS_fMlroGl_Jjj6gBhDQpSxNBrc86nVNJnooqUxuClePazjpHxM6-TyskLQQRjPGVnDZFfE86RDfSmyUeRXJaAHAJPB  a1b741695124f50523b8d5acf0863686 1]
debug 22:26:17.000502 rpcs.go:38:    回发结果:200,<nil>
debug 22:26:17.103295 rpcs.go:31: 收到请求:Matching[67 0 0 0 -1]
debug 22:26:17.104345 rpcs.go:40:    回发结果:200,1
debug 22:26:17.105826 rpcs.go:31: 收到请求:EnterRoom[67 0 0 -1]
debug 22:26:17.108333 user.go:965: 推送数据:67&Matching_Push&67$0$0$15$0||##1
debug 22:26:17.108444 rpcs.go:40:    回发结果:200,1549981577106
debug 22:26:17.220385 rpcs.go:31: 收到请求:ClientConnClose[67]
debug 22:26:17.220469 rpcs.go:40:    回发结果:200,-c
debug 22:26:17.287803 rpcs.go:31: 收到请求:Connect[67 h1 18_-Yqy0JfAOEvYpDx-7yV1vYTPqyr7V5sSn49Bt-kU_iJ3nYgSanBX0appSEkDYC5CS_fMlroGl_Jjj6gBhDQpSxNBrc86nVNJnooqUxuClePazjpHxM6-TyskLQQRjPGVnDZFfE86RDfSmyUeRXJaAHAJPB  a1b741695124f50523b8d5acf0863686 1]
debug 22:26:17.304328 rpcs.go:38:    回发结果:200,<nil>
debug 22:26:17.408470 rpcs.go:31: 收到请求:Matching[67 0 0 0 -1]
debug 22:26:17.410242 rpcs.go:40:    回发结果:200,1
debug 22:26:17.412306 rpcs.go:31: 收到请求:EnterRoom[67 0 0 -1]
debug 22:26:17.415370 user.go:965: 推送数据:67&Matching_Push&67$0$0$15$0||##1
debug 22:26:17.415446 rpcs.go:40:    回发结果:200,1549981577413
debug 22:26:17.530970 rpcs.go:31: 收到请求:ClientConnClose[67]
debug 22:26:17.531045 rpcs.go:40:    回发结果:200,-c
debug 22:26:17.604396 rpcs.go:31: 收到请求:Connect[67 h1 18_-Yqy0JfAOEvYpDx-7yV1vYTPqyr7V5sSn49Bt-kU_iJ3nYgSanBX0appSEkDYC5CS_fMlroGl_Jjj6gBhDQpSxNBrc86nVNJnooqUxuClePazjpHxM6-TyskLQQRjPGVnDZFfE86RDfSmyUeRXJaAHAJPB  a1b741695124f50523b8d5acf0863686 1]
debug 22:26:17.619020 rpcs.go:38:    回发结果:200,<nil>
debug 22:26:17.725633 rpcs.go:31: 收到请求:Matching[67 0 0 0 -1]
debug 22:26:17.727339 rpcs.go:40:    回发结果:200,1
debug 22:26:17.729377 rpcs.go:31: 收到请求:EnterRoom[67 0 0 -1]
debug 22:26:17.732511 user.go:965: 推送数据:67&Matching_Push&67$0$0$15$0||##1
debug 22:26:17.732599 rpcs.go:40:    回发结果:200,1549981577730
debug 22:26:17.812263 rpcs.go:31: 收到请求:ClientConnClose[67]
debug 22:26:17.812333 rpcs.go:40:    回发结果:200,-c
debug 22:26:17.880682 rpcs.go:31: 收到请求:Connect[67 h1 18_-Yqy0JfAOEvYpDx-7yV1vYTPqyr7V5sSn49Bt-kU_iJ3nYgSanBX0appSEkDYC5CS_fMlroGl_Jjj6gBhDQpSxNBrc86nVNJnooqUxuClePazjpHxM6-TyskLQQRjPGVnDZFfE86RDfSmyUeRXJaAHAJPB  a1b741695124f50523b8d5acf0863686 1]
debug 22:26:17.899159 rpcs.go:38:    回发结果:200,<nil>
debug 22:26:18.005629 rpcs.go:31: 收到请求:Matching[67 0 0 0 -1]
debug 22:26:18.007278 rpcs.go:40:    回发结果:200,1
debug 22:26:18.009140 rpcs.go:31: 收到请求:EnterRoom[67 0 0 -1]
debug 22:26:18.012558 user.go:965: 推送数据:67&Matching_Push&67$0$0$15$0||##1
debug 22:26:18.012660 rpcs.go:40:    回发结果:200,1549981578010
debug 22:26:18.122494 rpcs.go:31: 收到请求:ClientConnClose[67]
debug 22:26:18.122556 rpcs.go:40:    回发结果:200,-c
debug 22:26:18.192704 rpcs.go:31: 收到请求:Connect[67 h1 18_-Yqy0JfAOEvYpDx-7yV1vYTPqyr7V5sSn49Bt-kU_iJ3nYgSanBX0appSEkDYC5CS_fMlroGl_Jjj6gBhDQpSxNBrc86nVNJnooqUxuClePazjpHxM6-TyskLQQRjPGVnDZFfE86RDfSmyUeRXJaAHAJPB  a1b741695124f50523b8d5acf0863686 1]
debug 22:26:18.208600 rpcs.go:38:    回发结果:200,<nil>
debug 22:26:18.311572 rpcs.go:31: 收到请求:Matching[67 0 0 0 -1]
debug 22:26:18.313146 rpcs.go:40:    回发结果:200,1
debug 22:26:18.315210 rpcs.go:31: 收到请求:EnterRoom[67 0 0 -1]
debug 22:26:18.318359 user.go:965: 推送数据:67&Matching_Push&67$0$0$15$0||##1
debug 22:26:18.318470 rpcs.go:40:    回发结果:200,1549981578316
debug 22:26:18.435556 rpcs.go:31: 收到请求:ClientConnClose[67]
debug 22:26:18.435642 rpcs.go:40:    回发结果:200,-c
debug 22:26:18.499022 rpcs.go:31: 收到请求:Connect[67 h1 18_-Yqy0JfAOEvYpDx-7yV1vYTPqyr7V5sSn49Bt-kU_iJ3nYgSanBX0appSEkDYC5CS_fMlroGl_Jjj6gBhDQpSxNBrc86nVNJnooqUxuClePazjpHxM6-TyskLQQRjPGVnDZFfE86RDfSmyUeRXJaAHAJPB  a1b741695124f50523b8d5acf0863686 1]
debug 22:26:18.514898 rpcs.go:38:    回发结果:200,<nil>
debug 22:26:18.621012 rpcs.go:31: 收到请求:Matching[67 0 0 0 -1]
debug 22:26:18.622312 rpcs.go:40:    回发结果:200,1
debug 22:26:18.623982 rpcs.go:31: 收到请求:EnterRoom[67 0 0 -1]
debug 22:26:18.626741 user.go:965: 推送数据:67&Matching_Push&67$0$0$15$0||##1
debug 22:26:18.626818 rpcs.go:40:    回发结果:200,1549981578625
debug 22:26:18.730945 rpcs.go:31: 收到请求:ClientConnClose[67]
debug 22:26:18.731018 rpcs.go:40:    回发结果:200,-c
debug 22:26:18.814238 rpcs.go:31: 收到请求:Connect[67 h1 18_-Yqy0JfAOEvYpDx-7yV1vYTPqyr7V5sSn49Bt-kU_iJ3nYgSanBX0appSEkDYC5CS_fMlroGl_Jjj6gBhDQpSxNBrc86nVNJnooqUxuClePazjpHxM6-TyskLQQRjPGVnDZFfE86RDfSmyUeRXJaAHAJPB  a1b741695124f50523b8d5acf0863686 1]
debug 22:26:18.831155 rpcs.go:38:    回发结果:200,<nil>
debug 22:26:18.935964 rpcs.go:31: 收到请求:Matching[67 0 0 0 -1]
debug 22:26:18.936827 rpcs.go:40:    回发结果:200,1
debug 22:26:18.938374 rpcs.go:31: 收到请求:EnterRoom[67 0 0 -1]
debug 22:26:18.940750 user.go:965: 推送数据:67&Matching_Push&67$0$0$15$0||##1
debug 22:26:18.940858 rpcs.go:40:    回发结果:200,1549981578939
debug 22:26:19.084810 rpcs.go:31: 收到请求:ClientConnClose[67]
debug 22:26:19.084889 rpcs.go:40:    回发结果:200,-c
debug 22:26:19.161955 rpcs.go:31: 收到请求:Connect[67 h1 18_-Yqy0JfAOEvYpDx-7yV1vYTPqyr7V5sSn49Bt-kU_iJ3nYgSanBX0appSEkDYC5CS_fMlroGl_Jjj6gBhDQpSxNBrc86nVNJnooqUxuClePazjpHxM6-TyskLQQRjPGVnDZFfE86RDfSmyUeRXJaAHAJPB  a1b741695124f50523b8d5acf0863686 1]
debug 22:26:19.167150 rpcs.go:38:    回发结果:200,<nil>
debug 22:26:19.274286 rpcs.go:31: 收到请求:Matching[67 0 0 0 -1]
debug 22:26:19.275885 rpcs.go:40:    回发结果:200,1
debug 22:26:19.278056 rpcs.go:31: 收到请求:EnterRoom[67 0 0 -1]
debug 22:26:19.281079 user.go:965: 推送数据:67&Matching_Push&67$0$0$15$0||##1
debug 22:26:19.281159 rpcs.go:40:    回发结果:200,1549981579279
debug 22:26:19.479829 rpcs.go:31: 收到请求:Setout[67]
debug 22:26:19.482041 user.go:965: 推送数据:67&Matching_Push&67$1$0$15$0||##1
debug 22:26:19.482146 rpcs.go:40:    回发结果:200,1
error 22:34:29.433209 logger.go:173:  syncGameInfo dial tcp [::1]:11350: getsockopt: connection refused
error 22:34:30.438845 logger.go:173:  syncGameInfo dial tcp [::1]:11350: getsockopt: connection refused
error 22:34:30.921702 match.go:134: syncPCount : dial tcp [::1]:11350: getsockopt: connection refused
error 22:34:31.445847 logger.go:173:  syncGameInfo dial tcp [::1]:11350: getsockopt: connection refused
error 22:34:32.452794 logger.go:173:  syncGameInfo dial tcp [::1]:11350: getsockopt: connection refused
error 22:34:33.459792 logger.go:173:  syncGameInfo dial tcp [::1]:11350: getsockopt: connection refused
