info  15:35:08.603350 sql.go:24: [连接Sql 127.0.0.1:3306 doudizhu_game]
info  15:35:08.619647 sql.go:24: [连接Sql 127.0.0.1:3306 doudizhu_nmmember]
info  15:35:08.620513 redis.go:24: [连接Redis localhost:11100]
info  15:35:08.622051 redis.go:24: [连接Redis localhost:11400]
info  15:35:08.623493 engine.go:16: [启动引擎]
debug 15:35:08.627398 user_hd_hint.go:143: ---------牌类型:火箭
debug 15:35:08.627467 user_hd_hint.go:143: ---------牌类型:炸弹
debug 15:35:08.627519 user_hd_hint.go:143: ---------牌类型:单
debug 15:35:08.627565 user_hd_hint.go:143: ---------牌类型:对
debug 15:35:08.627602 user_hd_hint.go:143: ---------牌类型:三
debug 15:35:08.627641 user_hd_hint.go:143: ---------牌类型:三带一
debug 15:35:08.627714 user_hd_hint.go:143: ---------牌类型:三带二
debug 15:35:08.627756 user_hd_hint.go:143: ---------牌类型:顺子
debug 15:35:08.627807 user_hd_hint.go:143: ---------牌类型:连对
debug 15:35:08.627916 user_hd_hint.go:143: ---------牌类型:飞机
debug 15:35:08.627983 user_hd_hint.go:143: ---------牌类型:四带二
info  15:35:29.347216 sql.go:24: [连接Sql 127.0.0.1:3306 doudizhu_game]
info  15:35:29.348846 sql.go:24: [连接Sql 127.0.0.1:3306 doudizhu_nmmember]
info  15:35:29.359693 redis.go:24: [连接Redis localhost:11100]
info  15:35:29.361184 redis.go:24: [连接Redis localhost:11400]
info  15:35:29.362551 engine.go:16: [启动引擎]
debug 15:35:29.365846 user_hd_hint.go:143: ---------牌类型:火箭
debug 15:35:29.365899 user_hd_hint.go:143: ---------牌类型:炸弹
debug 15:35:29.365934 user_hd_hint.go:143: ---------牌类型:单
debug 15:35:29.365965 user_hd_hint.go:143: ---------牌类型:对
debug 15:35:29.366000 user_hd_hint.go:143: ---------牌类型:三
debug 15:35:29.366031 user_hd_hint.go:143: ---------牌类型:三带一
debug 15:35:29.366083 user_hd_hint.go:143: ---------牌类型:三带二
debug 15:35:29.366123 user_hd_hint.go:143: ---------牌类型:顺子
debug 15:35:29.366166 user_hd_hint.go:143: ---------牌类型:连对
debug 15:35:29.366256 user_hd_hint.go:143: ---------牌类型:飞机
debug 15:35:29.366324 user_hd_hint.go:143: ---------牌类型:四带二
info  15:35:45.299899 sql.go:24: [连接Sql 127.0.0.1:3306 doudizhu_game]
info  15:35:45.305232 sql.go:24: [连接Sql 127.0.0.1:3306 doudizhu_nmmember]
info  15:35:45.315026 redis.go:24: [连接Redis localhost:11100]
info  15:35:45.316913 redis.go:24: [连接Redis localhost:11400]
info  15:35:45.318450 engine.go:16: [启动引擎]
debug 15:35:45.322024 user_hd_hint.go:143: ---------牌类型:火箭
debug 15:35:45.322075 user_hd_hint.go:143: ---------牌类型:炸弹
debug 15:35:45.322116 user_hd_hint.go:143: ---------牌类型:单
debug 15:35:45.322147 user_hd_hint.go:143: ---------牌类型:对
debug 15:35:45.322181 user_hd_hint.go:143: ---------牌类型:三
debug 15:35:45.322212 user_hd_hint.go:143: ---------牌类型:三带一
debug 15:35:45.322264 user_hd_hint.go:143: ---------牌类型:三带二
debug 15:35:45.322309 user_hd_hint.go:143: ---------牌类型:顺子
debug 15:35:45.322384 user_hd_hint.go:143: ---------牌类型:连对
debug 15:35:45.322449 user_hd_hint.go:143: ---------牌类型:飞机
debug 15:35:45.322517 user_hd_hint.go:143: ---------牌类型:四带二
