error 13:40:20.435671 rpcxserver.go:47: client: etcd cluster is unavailable or misconfigured; error #0: dial tcp [::1]:2479: getsockopt: connection refused
info  13:40:20.435974 sql.go:24: [连接Sql 127.0.0.1:3306 doudizhu_game]
info  13:40:20.437608 sql.go:24: [连接Sql 127.0.0.1:3306 doudizhu_nmmember]
info  13:40:20.439006 redis.go:24: [连接Redis localhost:11100]
info  13:40:20.441641 redis.go:24: [连接Redis localhost:11400]
info  13:40:20.445129 engine.go:16: [启动引擎]
error 13:40:20.450805 logger.go:173:  removeUserMatchInfo dial tcp [::1]:11350: getsockopt: connection refused
error 13:40:20.454175 logger.go:173:  removeRoomMatchInfo dial tcp [::1]:11350: getsockopt: connection refused
debug 13:40:20.456279 user_hd_hint.go:143: ---------牌类型:火箭
debug 13:40:20.456333 user_hd_hint.go:143: ---------牌类型:炸弹
debug 13:40:20.456360 user_hd_hint.go:143: ---------牌类型:单
debug 13:40:20.456396 user_hd_hint.go:143: ---------牌类型:对
debug 13:40:20.456453 user_hd_hint.go:143: ---------牌类型:三
debug 13:40:20.456484 user_hd_hint.go:143: ---------牌类型:三带一
debug 13:40:20.456540 user_hd_hint.go:143: ---------牌类型:三带二
debug 13:40:20.456591 user_hd_hint.go:143: ---------牌类型:顺子
debug 13:40:20.456639 user_hd_hint.go:143: ---------牌类型:连对
debug 13:40:20.456719 user_hd_hint.go:143: ---------牌类型:飞机
debug 13:40:20.456826 user_hd_hint.go:143: ---------牌类型:四带二
error 13:40:20.457521 logger.go:173:  syncGameInfo dial tcp [::1]:11350: getsockopt: connection refused
error 13:40:20.462290 match.go:134: syncPCount : dial tcp [::1]:11350: getsockopt: connection refused
