info  09:55:56.122527 sql.go:24: [连接Sql 127.0.0.1:3306 doudizhu_game]
info  09:55:56.156673 sql.go:24: [连接Sql 127.0.0.1:3306 doudizhu_nmmember]
info  09:55:56.157624 redis.go:24: [连接Redis localhost:11100]
info  09:55:56.160473 redis.go:24: [连接Redis localhost:11400]
info  09:55:56.162742 engine.go:16: [启动引擎]
error 09:55:56.167129 logger.go:173:  removeUserMatchInfo dial tcp [::1]:11350: getsockopt: connection refused
error 09:55:56.170395 logger.go:173:  removeRoomMatchInfo dial tcp [::1]:11350: getsockopt: connection refused
error 09:55:56.172964 logger.go:173:  syncGameInfo dial tcp [::1]:11350: getsockopt: connection refused
debug 09:55:56.183770 user_hd_hint.go:143: ---------牌类型:火箭
debug 09:55:56.183818 user_hd_hint.go:143: ---------牌类型:炸弹
debug 09:55:56.183854 user_hd_hint.go:143: ---------牌类型:单
debug 09:55:56.183884 user_hd_hint.go:143: ---------牌类型:对
debug 09:55:56.183920 user_hd_hint.go:143: ---------牌类型:三
debug 09:55:56.183949 user_hd_hint.go:143: ---------牌类型:三带一
debug 09:55:56.183977 user_hd_hint.go:143: ---------牌类型:三带二
debug 09:55:56.184009 user_hd_hint.go:143: ---------牌类型:顺子
debug 09:55:56.184044 user_hd_hint.go:143: ---------牌类型:连对
debug 09:55:56.184073 user_hd_hint.go:143: ---------牌类型:飞机
debug 09:55:56.184117 user_hd_hint.go:143: ---------牌类型:四带二
error 09:55:56.201256 match.go:134: syncPCount : dial tcp [::1]:11350: getsockopt: connection refused
error 09:55:57.177516 logger.go:173:  syncGameInfo dial tcp 127.0.0.1:11350: getsockopt: connection refused
