info  15:31:16.905279 sql.go:24: [连接Sql 127.0.0.1:3306 doudizhu_game]
info  15:31:16.921371 sql.go:24: [连接Sql 127.0.0.1:3306 doudizhu_nmmember]
info  15:31:16.922332 redis.go:24: [连接Redis localhost:11100]
info  15:31:16.923915 redis.go:24: [连接Redis localhost:11400]
info  15:31:16.925550 engine.go:16: [启动引擎]
debug 15:31:16.929304 user_hd_hint.go:143: ---------牌类型:火箭
debug 15:31:16.929362 user_hd_hint.go:143: ---------牌类型:炸弹
debug 15:31:16.929399 user_hd_hint.go:143: ---------牌类型:单
debug 15:31:16.929430 user_hd_hint.go:143: ---------牌类型:对
debug 15:31:16.929464 user_hd_hint.go:143: ---------牌类型:三
debug 15:31:16.929491 user_hd_hint.go:143: ---------牌类型:三带一
debug 15:31:16.929526 user_hd_hint.go:143: ---------牌类型:三带二
debug 15:31:16.929562 user_hd_hint.go:143: ---------牌类型:顺子
debug 15:31:16.929605 user_hd_hint.go:143: ---------牌类型:连对
debug 15:31:16.929652 user_hd_hint.go:143: ---------牌类型:飞机
debug 15:31:16.929722 user_hd_hint.go:143: ---------牌类型:四带二
info  15:31:39.561088 sql.go:24: [连接Sql 127.0.0.1:3306 doudizhu_game]
info  15:31:39.566011 sql.go:24: [连接Sql 127.0.0.1:3306 doudizhu_nmmember]
info  15:31:39.576893 redis.go:24: [连接Redis localhost:11100]
info  15:31:39.578466 redis.go:24: [连接Redis localhost:11400]
info  15:31:39.579730 engine.go:16: [启动引擎]
debug 15:31:39.583281 user_hd_hint.go:143: ---------牌类型:火箭
debug 15:31:39.583336 user_hd_hint.go:143: ---------牌类型:炸弹
debug 15:31:39.583374 user_hd_hint.go:143: ---------牌类型:单
debug 15:31:39.583417 user_hd_hint.go:143: ---------牌类型:对
debug 15:31:39.583458 user_hd_hint.go:143: ---------牌类型:三
debug 15:31:39.583490 user_hd_hint.go:143: ---------牌类型:三带一
debug 15:31:39.583523 user_hd_hint.go:143: ---------牌类型:三带二
debug 15:31:39.583560 user_hd_hint.go:143: ---------牌类型:顺子
debug 15:31:39.583606 user_hd_hint.go:143: ---------牌类型:连对
debug 15:31:39.583704 user_hd_hint.go:143: ---------牌类型:飞机
debug 15:31:39.583774 user_hd_hint.go:143: ---------牌类型:四带二
