info  15:21:04.738491 sql.go:24: [连接Sql 127.0.0.1:3306 doudizhu_game]
info  15:21:04.751423 sql.go:24: [连接Sql 127.0.0.1:3306 doudizhu_nmmember]
info  15:21:04.752333 redis.go:24: [连接Redis localhost:11100]
info  15:21:04.754273 redis.go:24: [连接Redis localhost:11400]
info  15:21:04.755747 engine.go:16: [启动引擎]
debug 15:21:04.759735 user_hd_hint.go:143: ---------牌类型:火箭
debug 15:21:04.759823 user_hd_hint.go:143: ---------牌类型:炸弹
debug 15:21:04.759871 user_hd_hint.go:143: ---------牌类型:单
debug 15:21:04.759905 user_hd_hint.go:143: ---------牌类型:对
debug 15:21:04.759937 user_hd_hint.go:143: ---------牌类型:三
debug 15:21:04.759963 user_hd_hint.go:143: ---------牌类型:三带一
debug 15:21:04.759993 user_hd_hint.go:143: ---------牌类型:三带二
debug 15:21:04.760027 user_hd_hint.go:143: ---------牌类型:顺子
debug 15:21:04.760062 user_hd_hint.go:143: ---------牌类型:连对
debug 15:21:04.760101 user_hd_hint.go:143: ---------牌类型:飞机
debug 15:21:04.760166 user_hd_hint.go:143: ---------牌类型:四带二
info  15:21:52.909113 sql.go:24: [连接Sql 127.0.0.1:3306 doudizhu_game]
info  15:21:52.914118 sql.go:24: [连接Sql 127.0.0.1:3306 doudizhu_nmmember]
info  15:21:52.924005 redis.go:24: [连接Redis localhost:11100]
info  15:21:52.925554 redis.go:24: [连接Redis localhost:11400]
info  15:21:52.926711 engine.go:16: [启动引擎]
debug 15:21:52.930269 user_hd_hint.go:143: ---------牌类型:火箭
debug 15:21:52.930363 user_hd_hint.go:143: ---------牌类型:炸弹
debug 15:21:52.930438 user_hd_hint.go:143: ---------牌类型:单
debug 15:21:52.930502 user_hd_hint.go:143: ---------牌类型:对
debug 15:21:52.930573 user_hd_hint.go:143: ---------牌类型:三
debug 15:21:52.930627 user_hd_hint.go:143: ---------牌类型:三带一
debug 15:21:52.930682 user_hd_hint.go:143: ---------牌类型:三带二
debug 15:21:52.930755 user_hd_hint.go:143: ---------牌类型:顺子
debug 15:21:52.930857 user_hd_hint.go:143: ---------牌类型:连对
debug 15:21:52.930945 user_hd_hint.go:143: ---------牌类型:飞机
debug 15:21:52.931030 user_hd_hint.go:143: ---------牌类型:四带二
