info  15:39:11.711922 sql.go:24: [连接Sql 127.0.0.1:3306 doudizhu_game]
info  15:39:11.731643 sql.go:24: [连接Sql 127.0.0.1:3306 doudizhu_nmmember]
info  15:39:11.732683 redis.go:24: [连接Redis localhost:11100]
info  15:39:11.735398 redis.go:24: [连接Redis localhost:11400]
info  15:39:11.736988 engine.go:16: [启动引擎]
debug 15:39:11.741423 user_hd_hint.go:143: ---------牌类型:火箭
debug 15:39:11.741483 user_hd_hint.go:143: ---------牌类型:炸弹
debug 15:39:11.741542 user_hd_hint.go:143: ---------牌类型:单
debug 15:39:11.741589 user_hd_hint.go:143: ---------牌类型:对
debug 15:39:11.741636 user_hd_hint.go:143: ---------牌类型:三
debug 15:39:11.741672 user_hd_hint.go:143: ---------牌类型:三带一
debug 15:39:11.741706 user_hd_hint.go:143: ---------牌类型:三带二
debug 15:39:11.741745 user_hd_hint.go:143: ---------牌类型:顺子
debug 15:39:11.741791 user_hd_hint.go:143: ---------牌类型:连对
debug 15:39:11.741848 user_hd_hint.go:143: ---------牌类型:飞机
debug 15:39:11.741899 user_hd_hint.go:143: ---------牌类型:四带二
info  15:39:27.061461 sql.go:24: [连接Sql 127.0.0.1:3306 doudizhu_game]
info  15:39:27.074071 sql.go:24: [连接Sql 127.0.0.1:3306 doudizhu_nmmember]
info  15:39:27.074827 redis.go:24: [连接Redis localhost:11100]
info  15:39:27.076354 redis.go:24: [连接Redis localhost:11400]
info  15:39:27.077600 engine.go:16: [启动引擎]
debug 15:39:27.081991 user_hd_hint.go:143: ---------牌类型:火箭
debug 15:39:27.082081 user_hd_hint.go:143: ---------牌类型:炸弹
debug 15:39:27.082165 user_hd_hint.go:143: ---------牌类型:单
debug 15:39:27.082215 user_hd_hint.go:143: ---------牌类型:对
debug 15:39:27.082255 user_hd_hint.go:143: ---------牌类型:三
debug 15:39:27.082287 user_hd_hint.go:143: ---------牌类型:三带一
debug 15:39:27.082326 user_hd_hint.go:143: ---------牌类型:三带二
debug 15:39:27.082364 user_hd_hint.go:143: ---------牌类型:顺子
debug 15:39:27.082416 user_hd_hint.go:143: ---------牌类型:连对
debug 15:39:27.082471 user_hd_hint.go:143: ---------牌类型:飞机
debug 15:39:27.082535 user_hd_hint.go:143: ---------牌类型:四带二
info  15:39:40.884825 sql.go:24: [连接Sql 127.0.0.1:3306 doudizhu_game]
info  15:39:40.895854 sql.go:24: [连接Sql 127.0.0.1:3306 doudizhu_nmmember]
info  15:39:40.896559 redis.go:24: [连接Redis localhost:11100]
info  15:39:40.898437 redis.go:24: [连接Redis localhost:11400]
info  15:39:40.899761 engine.go:16: [启动引擎]
