info  14:30:08.887718 sql.go:24: [连接Sql 127.0.0.1:3306 doudizhu_game]
info  14:30:08.907444 sql.go:24: [连接Sql 127.0.0.1:3306 doudizhu_nmmember]
info  14:30:08.908515 redis.go:24: [连接Redis localhost:11100]
info  14:30:08.910702 redis.go:24: [连接Redis localhost:11400]
info  14:30:08.912402 engine.go:16: [启动引擎]
debug 14:30:08.916412 user_hd_hint.go:143: ---------牌类型:火箭
debug 14:30:08.916479 user_hd_hint.go:143: ---------牌类型:炸弹
debug 14:30:08.916529 user_hd_hint.go:143: ---------牌类型:单
debug 14:30:08.916570 user_hd_hint.go:143: ---------牌类型:对
debug 14:30:08.916628 user_hd_hint.go:143: ---------牌类型:三
debug 14:30:08.916663 user_hd_hint.go:143: ---------牌类型:三带一
debug 14:30:08.916717 user_hd_hint.go:143: ---------牌类型:三带二
debug 14:30:08.916780 user_hd_hint.go:143: ---------牌类型:顺子
debug 14:30:08.916861 user_hd_hint.go:143: ---------牌类型:连对
debug 14:30:08.916939 user_hd_hint.go:143: ---------牌类型:飞机
debug 14:30:08.917004 user_hd_hint.go:143: ---------牌类型:四带二
info  14:30:45.145393 sql.go:24: [连接Sql 127.0.0.1:3306 doudizhu_game]
info  14:30:45.151077 sql.go:24: [连接Sql 127.0.0.1:3306 doudizhu_nmmember]
info  14:30:45.161143 redis.go:24: [连接Redis localhost:11100]
info  14:30:45.163056 redis.go:24: [连接Redis localhost:11400]
info  14:30:45.164794 engine.go:16: [启动引擎]
debug 14:30:45.168427 user_hd_hint.go:143: ---------牌类型:火箭
debug 14:30:45.168495 user_hd_hint.go:143: ---------牌类型:炸弹
debug 14:30:45.168541 user_hd_hint.go:143: ---------牌类型:单
debug 14:30:45.168583 user_hd_hint.go:143: ---------牌类型:对
debug 14:30:45.168617 user_hd_hint.go:143: ---------牌类型:三
debug 14:30:45.168674 user_hd_hint.go:143: ---------牌类型:三带一
debug 14:30:45.168740 user_hd_hint.go:143: ---------牌类型:三带二
debug 14:30:45.168808 user_hd_hint.go:143: ---------牌类型:顺子
debug 14:30:45.168899 user_hd_hint.go:143: ---------牌类型:连对
debug 14:30:45.168996 user_hd_hint.go:143: ---------牌类型:飞机
debug 14:30:45.169079 user_hd_hint.go:143: ---------牌类型:四带二
