error 13:54:26.047094 rpcxserver.go:47: client: etcd cluster is unavailable or misconfigured; error #0: dial tcp [::1]:2479: getsockopt: connection refused
info  13:54:26.047438 sql.go:24: [连接Sql 127.0.0.1:3306 doudizhu_game]
info  13:54:26.050751 sql.go:24: [连接Sql 127.0.0.1:3306 doudizhu_nmmember]
info  13:54:26.051837 redis.go:24: [连接Redis localhost:11100]
info  13:54:26.053475 redis.go:24: [连接Redis localhost:11400]
info  13:54:26.055429 engine.go:16: [启动引擎]
error 13:54:26.060326 logger.go:173:  removeUserMatchInfo dial tcp [::1]:11350: getsockopt: connection refused
error 13:54:26.062837 logger.go:173:  removeRoomMatchInfo dial tcp [::1]:11350: getsockopt: connection refused
debug 13:54:26.063841 user_hd_hint.go:143: ---------牌类型:火箭
debug 13:54:26.063909 user_hd_hint.go:143: ---------牌类型:炸弹
debug 13:54:26.063978 user_hd_hint.go:143: ---------牌类型:单
debug 13:54:26.064009 user_hd_hint.go:143: ---------牌类型:对
debug 13:54:26.064032 user_hd_hint.go:143: ---------牌类型:三
debug 13:54:26.064068 user_hd_hint.go:143: ---------牌类型:三带一
debug 13:54:26.064104 user_hd_hint.go:143: ---------牌类型:三带二
debug 13:54:26.064187 user_hd_hint.go:143: ---------牌类型:顺子
debug 13:54:26.064233 user_hd_hint.go:143: ---------牌类型:连对
debug 13:54:26.064279 user_hd_hint.go:143: ---------牌类型:飞机
debug 13:54:26.064355 user_hd_hint.go:143: ---------牌类型:四带二
error 13:54:26.065865 logger.go:173:  syncGameInfo dial tcp [::1]:11350: getsockopt: connection refused
error 13:54:26.069803 match.go:134: syncPCount : dial tcp [::1]:11350: getsockopt: connection refused
error 13:54:47.667906 rpcxserver.go:47: client: etcd cluster is unavailable or misconfigured; error #0: dial tcp [::1]:2479: getsockopt: connection refused
info  13:54:47.668292 sql.go:24: [连接Sql 127.0.0.1:3306 doudizhu_game]
info  13:54:47.669196 sql.go:24: [连接Sql 127.0.0.1:3306 doudizhu_nmmember]
info  13:54:47.669862 redis.go:24: [连接Redis localhost:11100]
info  13:54:47.671707 redis.go:24: [连接Redis localhost:11400]
info  13:54:47.673179 engine.go:16: [启动引擎]
error 13:54:47.677121 logger.go:173:  removeUserMatchInfo dial tcp [::1]:11350: getsockopt: connection refused
error 13:54:47.680798 logger.go:173:  removeRoomMatchInfo dial tcp [::1]:11350: getsockopt: connection refused
debug 13:54:47.681805 user_hd_hint.go:143: ---------牌类型:火箭
debug 13:54:47.681874 user_hd_hint.go:143: ---------牌类型:炸弹
debug 13:54:47.681922 user_hd_hint.go:143: ---------牌类型:单
debug 13:54:47.681958 user_hd_hint.go:143: ---------牌类型:对
debug 13:54:47.681994 user_hd_hint.go:143: ---------牌类型:三
debug 13:54:47.682048 user_hd_hint.go:143: ---------牌类型:三带一
debug 13:54:47.682096 user_hd_hint.go:143: ---------牌类型:三带二
debug 13:54:47.682134 user_hd_hint.go:143: ---------牌类型:顺子
debug 13:54:47.682175 user_hd_hint.go:143: ---------牌类型:连对
debug 13:54:47.682224 user_hd_hint.go:143: ---------牌类型:飞机
debug 13:54:47.682290 user_hd_hint.go:143: ---------牌类型:四带二
error 13:54:47.683877 logger.go:173:  syncGameInfo dial tcp [::1]:11350: getsockopt: connection refused
error 13:54:47.687590 match.go:134: syncPCount : dial tcp [::1]:11350: getsockopt: connection refused
