info  15:34:16.233612 sql.go:24: [连接Sql 127.0.0.1:3306 doudizhu_game]
info  15:34:16.250329 sql.go:24: [连接Sql 127.0.0.1:3306 doudizhu_nmmember]
info  15:34:16.251186 redis.go:24: [连接Redis localhost:11100]
info  15:34:16.253262 redis.go:24: [连接Redis localhost:11400]
info  15:34:16.254471 engine.go:16: [启动引擎]
debug 15:34:16.257948 user_hd_hint.go:143: ---------牌类型:火箭
debug 15:34:16.258013 user_hd_hint.go:143: ---------牌类型:炸弹
debug 15:34:16.258064 user_hd_hint.go:143: ---------牌类型:单
debug 15:34:16.258110 user_hd_hint.go:143: ---------牌类型:对
debug 15:34:16.258171 user_hd_hint.go:143: ---------牌类型:三
debug 15:34:16.258254 user_hd_hint.go:143: ---------牌类型:三带一
debug 15:34:16.258303 user_hd_hint.go:143: ---------牌类型:三带二
debug 15:34:16.258343 user_hd_hint.go:143: ---------牌类型:顺子
debug 15:34:16.258382 user_hd_hint.go:143: ---------牌类型:连对
debug 15:34:16.258427 user_hd_hint.go:141: ---------牌类型:无
debug 15:34:16.258459 user_hd_hint.go:143: ---------牌类型:四带二
info  15:34:25.080630 sql.go:24: [连接Sql 127.0.0.1:3306 doudizhu_game]
info  15:34:25.086084 sql.go:24: [连接Sql 127.0.0.1:3306 doudizhu_nmmember]
info  15:34:25.098326 redis.go:24: [连接Redis localhost:11100]
info  15:34:25.100405 redis.go:24: [连接Redis localhost:11400]
info  15:34:25.101757 engine.go:16: [启动引擎]
debug 15:34:25.105401 user_hd_hint.go:143: ---------牌类型:火箭
debug 15:34:25.105463 user_hd_hint.go:143: ---------牌类型:炸弹
debug 15:34:25.105514 user_hd_hint.go:143: ---------牌类型:单
debug 15:34:25.105550 user_hd_hint.go:143: ---------牌类型:对
debug 15:34:25.105588 user_hd_hint.go:143: ---------牌类型:三
debug 15:34:25.105621 user_hd_hint.go:143: ---------牌类型:三带一
debug 15:34:25.105654 user_hd_hint.go:143: ---------牌类型:三带二
debug 15:34:25.105694 user_hd_hint.go:143: ---------牌类型:顺子
debug 15:34:25.105737 user_hd_hint.go:143: ---------牌类型:连对
debug 15:34:25.105785 user_hd_hint.go:141: ---------牌类型:无
debug 15:34:25.105818 user_hd_hint.go:143: ---------牌类型:四带二
info  15:34:32.523363 sql.go:24: [连接Sql 127.0.0.1:3306 doudizhu_game]
info  15:34:32.529047 sql.go:24: [连接Sql 127.0.0.1:3306 doudizhu_nmmember]
info  15:34:32.538560 redis.go:24: [连接Redis localhost:11100]
info  15:34:32.540256 redis.go:24: [连接Redis localhost:11400]
info  15:34:32.541424 engine.go:16: [启动引擎]
debug 15:34:32.544929 user_hd_hint.go:143: ---------牌类型:火箭
debug 15:34:32.544976 user_hd_hint.go:143: ---------牌类型:炸弹
debug 15:34:32.545008 user_hd_hint.go:143: ---------牌类型:单
debug 15:34:32.545038 user_hd_hint.go:143: ---------牌类型:对
debug 15:34:32.545067 user_hd_hint.go:143: ---------牌类型:三
debug 15:34:32.545096 user_hd_hint.go:143: ---------牌类型:三带一
debug 15:34:32.545130 user_hd_hint.go:143: ---------牌类型:三带二
debug 15:34:32.545163 user_hd_hint.go:143: ---------牌类型:顺子
debug 15:34:32.545207 user_hd_hint.go:143: ---------牌类型:连对
debug 15:34:32.545249 user_hd_hint.go:143: ---------牌类型:飞机
debug 15:34:32.545298 user_hd_hint.go:143: ---------牌类型:四带二
info  15:34:42.752661 sql.go:24: [连接Sql 127.0.0.1:3306 doudizhu_game]
info  15:34:42.758122 sql.go:24: [连接Sql 127.0.0.1:3306 doudizhu_nmmember]
info  15:34:42.768336 redis.go:24: [连接Redis localhost:11100]
info  15:34:42.770464 redis.go:24: [连接Redis localhost:11400]
info  15:34:42.771986 engine.go:16: [启动引擎]
debug 15:34:42.775296 user_hd_hint.go:143: ---------牌类型:火箭
debug 15:34:42.775394 user_hd_hint.go:143: ---------牌类型:炸弹
debug 15:34:42.775458 user_hd_hint.go:143: ---------牌类型:单
debug 15:34:42.775497 user_hd_hint.go:143: ---------牌类型:对
debug 15:34:42.775577 user_hd_hint.go:143: ---------牌类型:三
debug 15:34:42.775624 user_hd_hint.go:143: ---------牌类型:三带一
debug 15:34:42.775664 user_hd_hint.go:143: ---------牌类型:三带二
debug 15:34:42.775702 user_hd_hint.go:143: ---------牌类型:顺子
debug 15:34:42.775772 user_hd_hint.go:143: ---------牌类型:连对
debug 15:34:42.775818 user_hd_hint.go:143: ---------牌类型:飞机
debug 15:34:42.775878 user_hd_hint.go:143: ---------牌类型:四带二
info  15:34:49.183445 sql.go:24: [连接Sql 127.0.0.1:3306 doudizhu_game]
info  15:34:49.188461 sql.go:24: [连接Sql 127.0.0.1:3306 doudizhu_nmmember]
info  15:34:49.201690 redis.go:24: [连接Redis localhost:11100]
info  15:34:49.203552 redis.go:24: [连接Redis localhost:11400]
info  15:34:49.204832 engine.go:16: [启动引擎]
debug 15:34:49.207922 user_hd_hint.go:143: ---------牌类型:火箭
debug 15:34:49.207975 user_hd_hint.go:143: ---------牌类型:炸弹
debug 15:34:49.208010 user_hd_hint.go:143: ---------牌类型:单
debug 15:34:49.208041 user_hd_hint.go:143: ---------牌类型:对
debug 15:34:49.208080 user_hd_hint.go:143: ---------牌类型:三
debug 15:34:49.208166 user_hd_hint.go:143: ---------牌类型:三带一
debug 15:34:49.208211 user_hd_hint.go:143: ---------牌类型:三带二
debug 15:34:49.208267 user_hd_hint.go:143: ---------牌类型:顺子
debug 15:34:49.208337 user_hd_hint.go:143: ---------牌类型:连对
debug 15:34:49.208391 user_hd_hint.go:143: ---------牌类型:飞机
debug 15:34:49.208450 user_hd_hint.go:143: ---------牌类型:四带二
info  15:34:57.800949 sql.go:24: [连接Sql 127.0.0.1:3306 doudizhu_game]
info  15:34:57.803720 sql.go:24: [连接Sql 127.0.0.1:3306 doudizhu_nmmember]
info  15:34:57.813682 redis.go:24: [连接Redis localhost:11100]
info  15:34:57.815305 redis.go:24: [连接Redis localhost:11400]
info  15:34:57.816667 engine.go:16: [启动引擎]
debug 15:34:57.819504 user_hd_hint.go:143: ---------牌类型:火箭
debug 15:34:57.819547 user_hd_hint.go:143: ---------牌类型:炸弹
debug 15:34:57.819578 user_hd_hint.go:143: ---------牌类型:单
debug 15:34:57.819608 user_hd_hint.go:143: ---------牌类型:对
debug 15:34:57.819643 user_hd_hint.go:143: ---------牌类型:三
debug 15:34:57.819672 user_hd_hint.go:143: ---------牌类型:三带一
debug 15:34:57.819706 user_hd_hint.go:143: ---------牌类型:三带二
debug 15:34:57.819743 user_hd_hint.go:143: ---------牌类型:顺子
debug 15:34:57.819789 user_hd_hint.go:143: ---------牌类型:连对
debug 15:34:57.819831 user_hd_hint.go:143: ---------牌类型:飞机
debug 15:34:57.819877 user_hd_hint.go:143: ---------牌类型:四带二
