info  15:23:25.102580 sql.go:24: [连接Sql 127.0.0.1:3306 doudizhu_game]
info  15:23:25.117386 sql.go:24: [连接Sql 127.0.0.1:3306 doudizhu_nmmember]
info  15:23:25.118169 redis.go:24: [连接Redis localhost:11100]
info  15:23:25.120339 redis.go:24: [连接Redis localhost:11400]
info  15:23:25.122604 engine.go:16: [启动引擎]
debug 15:23:25.126538 user_hd_hint.go:143: ---------牌类型:火箭
debug 15:23:25.126592 user_hd_hint.go:143: ---------牌类型:炸弹
debug 15:23:25.126630 user_hd_hint.go:143: ---------牌类型:单
debug 15:23:25.126664 user_hd_hint.go:143: ---------牌类型:对
debug 15:23:25.126693 user_hd_hint.go:143: ---------牌类型:三
debug 15:23:25.126726 user_hd_hint.go:143: ---------牌类型:三带一
debug 15:23:25.126759 user_hd_hint.go:143: ---------牌类型:三带二
debug 15:23:25.126808 user_hd_hint.go:143: ---------牌类型:顺子
debug 15:23:25.126883 user_hd_hint.go:143: ---------牌类型:连对
debug 15:23:25.126936 user_hd_hint.go:143: ---------牌类型:飞机
debug 15:23:25.127007 user_hd_hint.go:143: ---------牌类型:四带二
info  15:23:55.002753 sql.go:24: [连接Sql 127.0.0.1:3306 doudizhu_game]
info  15:23:55.008607 sql.go:24: [连接Sql 127.0.0.1:3306 doudizhu_nmmember]
info  15:23:55.019752 redis.go:24: [连接Redis localhost:11100]
info  15:23:55.021998 redis.go:24: [连接Redis localhost:11400]
info  15:23:55.023376 engine.go:16: [启动引擎]
debug 15:23:55.026338 user_hd_hint.go:143: ---------牌类型:火箭
debug 15:23:55.026391 user_hd_hint.go:143: ---------牌类型:炸弹
debug 15:23:55.026426 user_hd_hint.go:143: ---------牌类型:单
debug 15:23:55.026458 user_hd_hint.go:143: ---------牌类型:对
debug 15:23:55.026491 user_hd_hint.go:143: ---------牌类型:三
debug 15:23:55.026521 user_hd_hint.go:143: ---------牌类型:三带一
debug 15:23:55.026553 user_hd_hint.go:143: ---------牌类型:三带二
debug 15:23:55.026589 user_hd_hint.go:143: ---------牌类型:顺子
debug 15:23:55.026630 user_hd_hint.go:143: ---------牌类型:连对
debug 15:23:55.026674 user_hd_hint.go:143: ---------牌类型:飞机
debug 15:23:55.026739 user_hd_hint.go:143: ---------牌类型:四带二
