info  21:24:04.633743 sql.go:24: [连接Sql 127.0.0.1:3306 doudizhu_game]
info  21:24:04.651896 sql.go:24: [连接Sql 127.0.0.1:3306 doudizhu_nmmember]
info  21:24:04.653046 redis.go:24: [连接Redis localhost:11100]
info  21:24:04.655429 redis.go:24: [连接Redis localhost:11400]
info  21:24:04.657221 engine.go:16: [启动引擎]
debug 21:24:04.661256 user_hd_hint.go:143: ---------牌类型:火箭
debug 21:24:04.661307 user_hd_hint.go:143: ---------牌类型:炸弹
debug 21:24:04.661347 user_hd_hint.go:143: ---------牌类型:单
debug 21:24:04.661382 user_hd_hint.go:143: ---------牌类型:对
debug 21:24:04.661419 user_hd_hint.go:143: ---------牌类型:三
debug 21:24:04.661460 user_hd_hint.go:143: ---------牌类型:三带一
debug 21:24:04.661499 user_hd_hint.go:143: ---------牌类型:三带二
debug 21:24:04.661548 user_hd_hint.go:143: ---------牌类型:顺子
debug 21:24:04.661607 user_hd_hint.go:143: ---------牌类型:连对
debug 21:24:04.661661 user_hd_hint.go:143: ---------牌类型:飞机
debug 21:24:04.661740 user_hd_hint.go:143: ---------牌类型:四带二
error 21:24:57.600858 basic.go:32: 无效的命令 :  
error 21:24:57.745522 basic.go:32: 无效的命令 :  
error 21:24:57.889577 basic.go:32: 无效的命令 :  
error 21:24:57.993485 basic.go:32: 无效的命令 :  
error 21:27:21.287133 logger.go:173:  syncGameInfo dial tcp [::1]:11350: getsockopt: connection refused
error 21:27:22.296068 logger.go:173:  syncGameInfo dial tcp [::1]:11350: getsockopt: connection refused
error 21:27:23.308877 logger.go:173:  syncGameInfo dial tcp [::1]:11350: getsockopt: connection refused
error 21:27:24.316811 logger.go:173:  syncGameInfo dial tcp [::1]:11350: getsockopt: connection refused
error 21:27:25.071872 match.go:134: syncPCount : dial tcp [::1]:11350: getsockopt: connection refused
error 21:27:25.326640 logger.go:173:  syncGameInfo dial tcp [::1]:11350: getsockopt: connection refused
error 21:27:26.335221 logger.go:173:  syncGameInfo dial tcp [::1]:11350: getsockopt: connection refused
error 21:27:27.341225 logger.go:173:  syncGameInfo dial tcp [::1]:11350: getsockopt: connection refused
