info  15:16:11.871654 sql.go:24: [连接Sql 127.0.0.1:3306 doudizhu_game]
info  15:16:11.885039 sql.go:24: [连接Sql 127.0.0.1:3306 doudizhu_nmmember]
info  15:16:11.886201 redis.go:24: [连接Redis localhost:11100]
info  15:16:11.897880 redis.go:24: [连接Redis localhost:11400]
info  15:16:11.899177 engine.go:16: [启动引擎]
debug 15:16:11.902305 user_hd_hint.go:143: ---------牌类型:火箭
debug 15:16:11.902352 user_hd_hint.go:143: ---------牌类型:炸弹
debug 15:16:11.902383 user_hd_hint.go:143: ---------牌类型:单
debug 15:16:11.902413 user_hd_hint.go:143: ---------牌类型:对
debug 15:16:11.902446 user_hd_hint.go:143: ---------牌类型:三
debug 15:16:11.902476 user_hd_hint.go:143: ---------牌类型:三带一
debug 15:16:11.902507 user_hd_hint.go:143: ---------牌类型:三带二
debug 15:16:11.902569 user_hd_hint.go:143: ---------牌类型:顺子
debug 15:16:11.902647 user_hd_hint.go:143: ---------牌类型:连对
debug 15:16:11.902702 user_hd_hint.go:143: ---------牌类型:飞机
debug 15:16:11.902757 user_hd_hint.go:143: ---------牌类型:四带二
info  15:16:18.090719 sql.go:24: [连接Sql 127.0.0.1:3306 doudizhu_game]
info  15:16:18.095934 sql.go:24: [连接Sql 127.0.0.1:3306 doudizhu_nmmember]
info  15:16:18.107278 redis.go:24: [连接Redis localhost:11100]
info  15:16:18.109781 redis.go:24: [连接Redis localhost:11400]
info  15:16:18.111374 engine.go:16: [启动引擎]
debug 15:16:18.114820 user_hd_hint.go:143: ---------牌类型:火箭
debug 15:16:18.114885 user_hd_hint.go:143: ---------牌类型:炸弹
debug 15:16:18.114939 user_hd_hint.go:143: ---------牌类型:单
debug 15:16:18.114980 user_hd_hint.go:143: ---------牌类型:对
debug 15:16:18.115014 user_hd_hint.go:143: ---------牌类型:三
debug 15:16:18.115053 user_hd_hint.go:143: ---------牌类型:三带一
debug 15:16:18.115103 user_hd_hint.go:143: ---------牌类型:三带二
debug 15:16:18.115171 user_hd_hint.go:143: ---------牌类型:顺子
debug 15:16:18.115230 user_hd_hint.go:143: ---------牌类型:连对
debug 15:16:18.115290 user_hd_hint.go:143: ---------牌类型:飞机
debug 15:16:18.115343 user_hd_hint.go:143: ---------牌类型:四带二
info  15:16:39.922120 sql.go:24: [连接Sql 127.0.0.1:3306 doudizhu_game]
info  15:16:39.925913 sql.go:24: [连接Sql 127.0.0.1:3306 doudizhu_nmmember]
info  15:16:39.938889 redis.go:24: [连接Redis localhost:11100]
info  15:16:39.940993 redis.go:24: [连接Redis localhost:11400]
info  15:16:39.942736 engine.go:16: [启动引擎]
debug 15:16:39.945948 user_hd_hint.go:143: ---------牌类型:火箭
debug 15:16:39.945996 user_hd_hint.go:143: ---------牌类型:炸弹
debug 15:16:39.946028 user_hd_hint.go:143: ---------牌类型:单
debug 15:16:39.946062 user_hd_hint.go:143: ---------牌类型:对
debug 15:16:39.946089 user_hd_hint.go:143: ---------牌类型:三
debug 15:16:39.946118 user_hd_hint.go:143: ---------牌类型:三带一
debug 15:16:39.946150 user_hd_hint.go:143: ---------牌类型:三带二
debug 15:16:39.946186 user_hd_hint.go:143: ---------牌类型:顺子
debug 15:16:39.946229 user_hd_hint.go:143: ---------牌类型:连对
debug 15:16:39.946267 user_hd_hint.go:143: ---------牌类型:飞机
debug 15:16:39.946310 user_hd_hint.go:143: ---------牌类型:四带二
info  15:16:49.995958 sql.go:24: [连接Sql 127.0.0.1:3306 doudizhu_game]
info  15:16:50.001669 sql.go:24: [连接Sql 127.0.0.1:3306 doudizhu_nmmember]
info  15:16:50.011982 redis.go:24: [连接Redis localhost:11100]
info  15:16:50.013584 redis.go:24: [连接Redis localhost:11400]
info  15:16:50.014835 engine.go:16: [启动引擎]
debug 15:16:50.017614 user_hd_hint.go:143: ---------牌类型:火箭
debug 15:16:50.017659 user_hd_hint.go:143: ---------牌类型:炸弹
debug 15:16:50.017711 user_hd_hint.go:143: ---------牌类型:单
debug 15:16:50.017744 user_hd_hint.go:143: ---------牌类型:对
debug 15:16:50.017779 user_hd_hint.go:143: ---------牌类型:三
debug 15:16:50.017810 user_hd_hint.go:143: ---------牌类型:三带一
debug 15:16:50.017849 user_hd_hint.go:143: ---------牌类型:三带二
debug 15:16:50.017882 user_hd_hint.go:143: ---------牌类型:顺子
debug 15:16:50.017949 user_hd_hint.go:143: ---------牌类型:连对
debug 15:16:50.017997 user_hd_hint.go:143: ---------牌类型:飞机
debug 15:16:50.018054 user_hd_hint.go:143: ---------牌类型:四带二
