info  14:00:16.354409 sql.go:24: [连接Sql 127.0.0.1:3306 doudizhu_game]
info  14:00:16.369142 sql.go:24: [连接Sql 127.0.0.1:3306 doudizhu_nmmember]
info  14:00:16.370466 redis.go:24: [连接Redis localhost:11100]
info  14:00:16.372820 redis.go:24: [连接Redis localhost:11400]
info  14:00:16.374458 engine.go:16: [启动引擎]
debug 14:00:16.379150 user_hd_hint.go:143: ---------牌类型:火箭
debug 14:00:16.379214 user_hd_hint.go:143: ---------牌类型:炸弹
debug 14:00:16.379275 user_hd_hint.go:143: ---------牌类型:单
debug 14:00:16.379329 user_hd_hint.go:143: ---------牌类型:对
debug 14:00:16.379364 user_hd_hint.go:143: ---------牌类型:三
debug 14:00:16.379397 user_hd_hint.go:143: ---------牌类型:三带一
debug 14:00:16.379425 user_hd_hint.go:143: ---------牌类型:三带二
debug 14:00:16.379465 user_hd_hint.go:143: ---------牌类型:顺子
debug 14:00:16.379510 user_hd_hint.go:143: ---------牌类型:连对
debug 14:00:16.379564 user_hd_hint.go:143: ---------牌类型:飞机
debug 14:00:16.379618 user_hd_hint.go:143: ---------牌类型:四带二
info  14:00:58.015625 sql.go:24: [连接Sql 127.0.0.1:3306 doudizhu_game]
info  14:00:58.020788 sql.go:24: [连接Sql 127.0.0.1:3306 doudizhu_nmmember]
info  14:00:58.031003 redis.go:24: [连接Redis localhost:11100]
info  14:00:58.032853 redis.go:24: [连接Redis localhost:11400]
info  14:00:58.034074 engine.go:16: [启动引擎]
debug 14:00:58.037501 user_hd_hint.go:143: ---------牌类型:火箭
debug 14:00:58.037550 user_hd_hint.go:143: ---------牌类型:炸弹
debug 14:00:58.037584 user_hd_hint.go:143: ---------牌类型:单
debug 14:00:58.037617 user_hd_hint.go:143: ---------牌类型:对
debug 14:00:58.037650 user_hd_hint.go:143: ---------牌类型:三
debug 14:00:58.037679 user_hd_hint.go:143: ---------牌类型:三带一
debug 14:00:58.037718 user_hd_hint.go:143: ---------牌类型:三带二
debug 14:00:58.037752 user_hd_hint.go:143: ---------牌类型:顺子
debug 14:00:58.037791 user_hd_hint.go:143: ---------牌类型:连对
debug 14:00:58.037828 user_hd_hint.go:141: ---------牌类型:无
debug 14:00:58.037859 user_hd_hint.go:143: ---------牌类型:四带二
