info  15:14:03.615413 sql.go:24: [连接Sql 127.0.0.1:3306 doudizhu_game]
info  15:14:03.630882 sql.go:24: [连接Sql 127.0.0.1:3306 doudizhu_nmmember]
info  15:14:03.631548 redis.go:24: [连接Redis localhost:11100]
info  15:14:03.633489 redis.go:24: [连接Redis localhost:11400]
info  15:14:03.634821 engine.go:16: [启动引擎]
debug 15:14:03.637813 user_hd_hint.go:143: ---------牌类型:火箭
debug 15:14:03.637860 user_hd_hint.go:143: ---------牌类型:炸弹
debug 15:14:03.637902 user_hd_hint.go:143: ---------牌类型:单
debug 15:14:03.637932 user_hd_hint.go:143: ---------牌类型:对
debug 15:14:03.637969 user_hd_hint.go:143: ---------牌类型:三
debug 15:14:03.637998 user_hd_hint.go:143: ---------牌类型:三带一
debug 15:14:03.638047 user_hd_hint.go:143: ---------牌类型:三带二
debug 15:14:03.638085 user_hd_hint.go:143: ---------牌类型:顺子
debug 15:14:03.638143 user_hd_hint.go:143: ---------牌类型:连对
debug 15:14:03.638219 user_hd_hint.go:143: ---------牌类型:飞机
debug 15:14:03.638292 user_hd_hint.go:143: ---------牌类型:四带二
info  15:14:22.663723 sql.go:24: [连接Sql 127.0.0.1:3306 doudizhu_game]
info  15:14:22.669078 sql.go:24: [连接Sql 127.0.0.1:3306 doudizhu_nmmember]
info  15:14:22.680428 redis.go:24: [连接Redis localhost:11100]
info  15:14:22.682860 redis.go:24: [连接Redis localhost:11400]
info  15:14:22.684887 engine.go:16: [启动引擎]
debug 15:14:22.688647 user_hd_hint.go:143: ---------牌类型:火箭
debug 15:14:22.688713 user_hd_hint.go:143: ---------牌类型:炸弹
debug 15:14:22.688746 user_hd_hint.go:143: ---------牌类型:单
debug 15:14:22.688776 user_hd_hint.go:143: ---------牌类型:对
debug 15:14:22.688809 user_hd_hint.go:143: ---------牌类型:三
debug 15:14:22.688837 user_hd_hint.go:143: ---------牌类型:三带一
debug 15:14:22.688868 user_hd_hint.go:143: ---------牌类型:三带二
debug 15:14:22.688900 user_hd_hint.go:143: ---------牌类型:顺子
debug 15:14:22.688940 user_hd_hint.go:143: ---------牌类型:连对
debug 15:14:22.688978 user_hd_hint.go:143: ---------牌类型:飞机
debug 15:14:22.689036 user_hd_hint.go:143: ---------牌类型:四带二
info  15:14:53.871497 sql.go:24: [连接Sql 127.0.0.1:3306 doudizhu_game]
info  15:14:53.876914 sql.go:24: [连接Sql 127.0.0.1:3306 doudizhu_nmmember]
info  15:14:53.887515 redis.go:24: [连接Redis localhost:11100]
info  15:14:53.901574 redis.go:24: [连接Redis localhost:11400]
info  15:14:53.903027 engine.go:16: [启动引擎]
debug 15:14:53.906571 user_hd_hint.go:143: ---------牌类型:火箭
debug 15:14:53.906627 user_hd_hint.go:143: ---------牌类型:炸弹
debug 15:14:53.906664 user_hd_hint.go:143: ---------牌类型:单
debug 15:14:53.906697 user_hd_hint.go:143: ---------牌类型:对
debug 15:14:53.906735 user_hd_hint.go:143: ---------牌类型:三
debug 15:14:53.906767 user_hd_hint.go:143: ---------牌类型:三带一
debug 15:14:53.906800 user_hd_hint.go:143: ---------牌类型:三带二
debug 15:14:53.906836 user_hd_hint.go:143: ---------牌类型:顺子
debug 15:14:53.906884 user_hd_hint.go:143: ---------牌类型:连对
debug 15:14:53.906962 user_hd_hint.go:143: ---------牌类型:飞机
debug 15:14:53.907072 user_hd_hint.go:143: ---------牌类型:四带二
