info  15:17:03.263332 sql.go:24: [连接Sql 127.0.0.1:3306 doudizhu_game]
info  15:17:03.286526 sql.go:24: [连接Sql 127.0.0.1:3306 doudizhu_nmmember]
info  15:17:03.287495 redis.go:24: [连接Redis localhost:11100]
info  15:17:03.289430 redis.go:24: [连接Redis localhost:11400]
info  15:17:03.290894 engine.go:16: [启动引擎]
debug 15:17:03.295068 user_hd_hint.go:143: ---------牌类型:火箭
debug 15:17:03.295171 user_hd_hint.go:143: ---------牌类型:炸弹
debug 15:17:03.295237 user_hd_hint.go:143: ---------牌类型:单
debug 15:17:03.295290 user_hd_hint.go:143: ---------牌类型:对
debug 15:17:03.295329 user_hd_hint.go:143: ---------牌类型:三
debug 15:17:03.295362 user_hd_hint.go:143: ---------牌类型:三带一
debug 15:17:03.295398 user_hd_hint.go:143: ---------牌类型:三带二
debug 15:17:03.295432 user_hd_hint.go:143: ---------牌类型:顺子
debug 15:17:03.295469 user_hd_hint.go:143: ---------牌类型:连对
debug 15:17:03.295507 user_hd_hint.go:143: ---------牌类型:飞机
debug 15:17:03.295557 user_hd_hint.go:143: ---------牌类型:四带二
info  15:17:12.338316 sql.go:24: [连接Sql 127.0.0.1:3306 doudizhu_game]
info  15:17:12.343725 sql.go:24: [连接Sql 127.0.0.1:3306 doudizhu_nmmember]
info  15:17:12.355884 redis.go:24: [连接Redis localhost:11100]
info  15:17:12.358427 redis.go:24: [连接Redis localhost:11400]
info  15:17:12.360338 engine.go:16: [启动引擎]
debug 15:17:12.363840 user_hd_hint.go:143: ---------牌类型:火箭
debug 15:17:12.363892 user_hd_hint.go:143: ---------牌类型:炸弹
debug 15:17:12.363933 user_hd_hint.go:143: ---------牌类型:单
debug 15:17:12.363966 user_hd_hint.go:143: ---------牌类型:对
debug 15:17:12.364000 user_hd_hint.go:143: ---------牌类型:三
debug 15:17:12.364040 user_hd_hint.go:143: ---------牌类型:三带一
debug 15:17:12.364073 user_hd_hint.go:143: ---------牌类型:三带二
debug 15:17:12.364106 user_hd_hint.go:143: ---------牌类型:顺子
debug 15:17:12.364147 user_hd_hint.go:143: ---------牌类型:连对
debug 15:17:12.364197 user_hd_hint.go:143: ---------牌类型:飞机
debug 15:17:12.364264 user_hd_hint.go:143: ---------牌类型:四带二
info  15:17:28.182096 sql.go:24: [连接Sql 127.0.0.1:3306 doudizhu_game]
info  15:17:28.187815 sql.go:24: [连接Sql 127.0.0.1:3306 doudizhu_nmmember]
info  15:17:28.199147 redis.go:24: [连接Redis localhost:11100]
info  15:17:28.201034 redis.go:24: [连接Redis localhost:11400]
info  15:17:28.202297 engine.go:16: [启动引擎]
debug 15:17:28.205862 user_hd_hint.go:143: ---------牌类型:火箭
debug 15:17:28.205916 user_hd_hint.go:143: ---------牌类型:炸弹
debug 15:17:28.205950 user_hd_hint.go:143: ---------牌类型:单
debug 15:17:28.205982 user_hd_hint.go:143: ---------牌类型:对
debug 15:17:28.206018 user_hd_hint.go:143: ---------牌类型:三
debug 15:17:28.206049 user_hd_hint.go:143: ---------牌类型:三带一
debug 15:17:28.206083 user_hd_hint.go:143: ---------牌类型:三带二
debug 15:17:28.206119 user_hd_hint.go:143: ---------牌类型:顺子
debug 15:17:28.206157 user_hd_hint.go:143: ---------牌类型:连对
debug 15:17:28.206207 user_hd_hint.go:143: ---------牌类型:飞机
debug 15:17:28.206272 user_hd_hint.go:143: ---------牌类型:四带二
